<?xml version="1.0" encoding="utf-8"?><testsuites name="pytest tests"><testsuite name="pytest" errors="0" failures="0" skipped="0" tests="6" time="2.188" timestamp="2026-07-20T07:19:23.880090+00:00" hostname="agent-env-a0e2867f-6e81-4b33-87e8-c1fb64962a56"><testcase classname="tests.test_customers" name="test_list_customers_requires_auth" time="0.205" /><testcase classname="tests.test_customers" name="test_post_requires_auth" time="0.126" /><testcase classname="tests.test_customers" name="test_put_requires_auth" time="0.149" /><testcase classname="tests.test_customers" name="test_delete_requires_auth" time="0.126" /><testcase classname="tests.test_customers" name="test_customer_full_crud" time="0.964" /><testcase classname="tests.test_customers" name="test_cleanup_all_testcust" time="0.100" /></testsuite></testsuites>