<?xml version="1.0" encoding="utf-8"?><testsuites name="pytest tests"><testsuite name="pytest" errors="0" failures="0" skipped="0" tests="17" time="2.229" timestamp="2026-08-11T10:23:35.176438+00:00" hostname="agent-env-a0e2867f-6e81-4b33-87e8-c1fb64962a56"><testcase classname="tests.test_iter30_phase_ef.TestCollectorsRegistry" name="test_list_collectors" time="0.455" /><testcase classname="tests.test_iter30_phase_ef.TestCollectorRun" name="test_create_seed_source" time="0.045" /><testcase classname="tests.test_iter30_phase_ef.TestCollectorRun" name="test_first_collect_creates_new" time="0.091" /><testcase classname="tests.test_iter30_phase_ef.TestCollectorRun" name="test_second_collect_is_idempotent" time="0.116" /><testcase classname="tests.test_iter30_phase_ef.TestCollectorRun" name="test_collect_unknown_source_404" time="0.041" /><testcase classname="tests.test_iter30_phase_ef.TestAnalytics" name="test_source_strip" time="0.043" /><testcase classname="tests.test_iter30_phase_ef.TestAnalytics" name="test_price_trends" time="0.043" /><testcase classname="tests.test_iter30_phase_ef.TestAnalytics" name="test_median_by_suburb" time="0.045" /><testcase classname="tests.test_iter30_phase_ef.TestAnalytics" name="test_heatmap" time="0.044" /><testcase classname="tests.test_iter30_phase_ef.TestAnalytics" name="test_quick_insights" time="0.041" /><testcase classname="tests.test_iter30_phase_ef.TestScheduler" name="test_get_scheduler_state" time="0.087" /><testcase classname="tests.test_iter30_phase_ef.TestScheduler" name="test_pause_and_resume" time="0.124" /><testcase classname="tests.test_iter30_phase_ef.TestPublicGuidance" name="test_public_guidance_no_auth" time="0.113" /><testcase classname="tests.test_iter30_phase_ef.TestPublicGuidance" name="test_public_guidance_all_workflows" time="0.424" /><testcase classname="tests.test_iter30_phase_ef.TestPublicGuidance" name="test_public_guidance_missing_suburb_400" time="0.091" /><testcase classname="tests.test_iter30_phase_ef.TestPublicGuidance" name="test_public_guidance_invalid_workflow_400" time="0.126" /><testcase classname="tests.test_iter30_phase_ef.TestPublicGuidance" name="test_public_guidance_invalid_purpose_400" time="0.211" /></testsuite></testsuites>