<?xml version="1.0" encoding="utf-8"?><testsuites name="pytest tests"><testsuite name="pytest" errors="4" failures="1" skipped="0" tests="43" time="5.237" timestamp="2026-07-20T08:03:22.686540+00:00" hostname="agent-env-a0e2867f-6e81-4b33-87e8-c1fb64962a56"><testcase classname="" name="tests.test_lead_convert" time="0.000"><error message="collection failure">backend/tests/test_lead_convert.py:12: in &lt;module&gt;
    BASE = os.environ["REACT_APP_BACKEND_URL"].rstrip("/")
           ^^^^^^^^^^^^^^^^^^^^^^^^^^^^^^^^^^^
&lt;frozen os&gt;:679: in __getitem__
    ???
E   KeyError: 'REACT_APP_BACKEND_URL'</error><error message="collection failure">backend/tests/test_lead_convert.py:12: in &lt;module&gt;
    BASE = os.environ["REACT_APP_BACKEND_URL"].rstrip("/")
           ^^^^^^^^^^^^^^^^^^^^^^^^^^^^^^^^^^^
&lt;frozen os&gt;:679: in __getitem__
    ???
E   KeyError: 'REACT_APP_BACKEND_URL'</error></testcase><testcase classname="" name="tests.test_locations" time="0.000"><error message="collection failure">backend/tests/test_locations.py:17: in &lt;module&gt;
    BASE_URL = os.environ.get("REACT_APP_BACKEND_URL").rstrip("/")
               ^^^^^^^^^^^^^^^^^^^^^^^^^^^^^^^^^^^^^^^^^^^^^^
E   AttributeError: 'NoneType' object has no attribute 'rstrip'</error><error message="collection failure">backend/tests/test_locations.py:17: in &lt;module&gt;
    BASE_URL = os.environ.get("REACT_APP_BACKEND_URL").rstrip("/")
               ^^^^^^^^^^^^^^^^^^^^^^^^^^^^^^^^^^^^^^^^^^^^^^
E   AttributeError: 'NoneType' object has no attribute 'rstrip'</error></testcase><testcase classname="tests.test_captcha" name="test_challenge_shape" time="0.232" /><testcase classname="tests.test_page_content" name="test_get_page_all_slugs[home]" time="0.241" /><testcase classname="tests.test_captcha" name="test_challenge_uniqueness" time="0.381" /><testcase classname="tests.test_page_content" name="test_get_page_all_slugs[about]" time="0.092" /><testcase classname="tests.test_page_content" name="test_get_page_all_slugs[sell]" time="0.132" /><testcase classname="tests.test_page_content" name="test_get_page_all_slugs[buy]" time="0.104" /><testcase classname="tests.test_page_content" name="test_get_page_all_slugs[rent]" time="0.144" /><testcase classname="tests.test_captcha" name="test_public_lead_correct_captcha_uppercase" time="0.293" /><testcase classname="tests.test_page_content" name="test_get_page_all_slugs[wanted]" time="0.142" /><testcase classname="tests.test_page_content" name="test_get_page_all_slugs[management]" time="0.130" /><testcase classname="tests.test_captcha" name="test_public_lead_correct_captcha_lowercase" time="0.278" /><testcase classname="tests.test_page_content" name="test_get_page_all_slugs[corporate]" time="0.112" /><testcase classname="tests.test_page_content" name="test_get_page_all_slugs[contact]" time="0.138" /><testcase classname="tests.test_captcha" name="test_public_lead_wrong_captcha" time="0.272" /><testcase classname="tests.test_page_content" name="test_get_page_all_slugs[legal_privacy]" time="0.137" /><testcase classname="tests.test_page_content" name="test_get_page_all_slugs[legal_terms]" time="0.099" /><testcase classname="tests.test_captcha" name="test_public_lead_honeypot" time="0.203" /><testcase classname="tests.test_page_content" name="test_get_page_nonexistent_returns_404" time="0.097" /><testcase classname="tests.test_page_content" name="test_put_page_without_auth_returns_401" time="0.129" /><testcase classname="tests.test_captcha" name="test_public_inspection_with_captcha" time="0.302" /><testcase classname="tests.test_page_content" name="test_post_list_without_auth_returns_401" time="0.100" /><testcase classname="tests.test_page_content" name="test_delete_list_without_auth_returns_401" time="0.107" /><testcase classname="tests.test_captcha" name="test_admin_login_regression" time="0.629" /><testcase classname="tests.test_page_content" name="test_put_about_partial_mission_preserves_defaults" time="0.866" /><testcase classname="tests.test_customers" name="test_list_customers_requires_auth" time="0.107" /><testcase classname="tests.test_customers" name="test_post_requires_auth" time="0.091" /><testcase classname="tests.test_page_content" name="test_team_list_append_and_delete" time="0.681"><failure message="assert False&#10; +  where False = all(&lt;generator object test_team_list_append_and_delete.&lt;locals&gt;.&lt;genexpr&gt; at 0xfd95658eba00&gt;)">backend/tests/test_page_content.py:107: in test_team_list_append_and_delete
    assert all(m.get("name") != "TEST_Member_XYZ" for m in final)
E   assert False
E    +  where False = all(&lt;generator object test_team_list_append_and_delete.&lt;locals&gt;.&lt;genexpr&gt; at 0xfd95658eba00&gt;)</failure></testcase><testcase classname="tests.test_customers" name="test_put_requires_auth" time="0.094" /><testcase classname="tests.test_customers" name="test_delete_requires_auth" time="0.155" /><testcase classname="tests.test_customers" name="test_customer_full_crud" time="1.193" /><testcase classname="tests.test_page_content" name="test_delete_out_of_range_returns_400" time="0.155" /><testcase classname="tests.test_page_content" name="test_post_list_bad_section_returns_400" time="0.094" /><testcase classname="tests.test_page_content" name="test_regression_content_site" time="0.096" /><testcase classname="tests.test_page_content" name="test_regression_content_about" time="0.160" /><testcase classname="tests.test_map_coords.TestContentSiteMapCoords" name="test_put_get_site_map_coords" time="0.245" /><testcase classname="tests.test_map_coords.TestPageContactMapCoords" name="test_put_get_contact_map_coords" time="0.017" /><testcase classname="tests.test_customers" name="test_cleanup_all_testcust" time="0.114" /><testcase classname="tests.test_map_coords.TestPropertyMapCoords" name="test_create_property_with_coords" time="0.244" /><testcase classname="tests.test_map_coords.TestPropertyMapCoords" name="test_create_property_without_coords_defaults_none" time="0.005" /></testsuite></testsuites>