<?xml version="1.0" encoding="utf-8"?><testsuites name="pytest tests"><testsuite name="pytest" errors="0" failures="0" skipped="0" tests="13" time="2.685" timestamp="2026-08-17T05:54:14.049806+00:00" hostname="agent-env-a0e2867f-6e81-4b33-87e8-c1fb64962a56"><testcase classname="tests.test_iter41_diagnostics.TestSchedulerAndHealth" name="test_pause" time="0.656" /><testcase classname="tests.test_iter41_diagnostics.TestLiveRunRejectionAndPaginationContract" name="test_rejection_reasons_are_recorded" time="0.773" /><testcase classname="tests.test_iter41_diagnostics.TestSchedulerAndHealth" name="test_scheduler_status" time="0.102" /><testcase classname="tests.test_iter41_diagnostics.TestSchedulerAndHealth" name="test_summary" time="0.123" /><testcase classname="tests.test_iter41_diagnostics.TestLiveRunRejectionAndPaginationContract" name="test_detail_pages_math_holds" time="0.104" /><testcase classname="tests.test_iter41_diagnostics.TestLiveRunRejectionAndPaginationContract" name="test_pagination_end_reason_valid" time="0.120" /><testcase classname="tests.test_iter41_diagnostics.TestSchedulerAndHealth" name="test_collectors_list" time="0.101" /><testcase classname="tests.test_iter41_diagnostics.TestRunsListing" name="test_runs_list_tolerates_legacy" time="0.139" /><testcase classname="tests.test_iter41_diagnostics.TestSeedCollectDiagnostics" name="test_seed_run_completes_with_full_diagnostics" time="0.292" /><testcase classname="tests.test_iter41_diagnostics.TestAcceptanceContractOnLiveRuns" name="test_acceptance_math_holds" time="0.131" /><testcase classname="tests.test_iter41_diagnostics.TestSchedulerResume" name="test_resume" time="0.095" /><testcase classname="tests.test_iter41_diagnostics.TestMarketMeriCardExtractionFix" name="test_marketmeri_extracts_cards" time="0.134" /><testcase classname="tests.test_iter41_diagnostics.TestNoUnderscoreIdLeaks" name="test_endpoints_strip_id" time="0.719" /></testsuite></testsuites>