<?xml version="1.0" encoding="utf-8"?><testsuites name="pytest tests"><testsuite name="pytest" errors="0" failures="0" skipped="0" tests="9" time="5.650" timestamp="2026-08-19T01:34:35.919879+00:00" hostname="agent-env-a0e2867f-6e81-4b33-87e8-c1fb64962a56"><testcase classname="tests.test_iter43_role_isolation.TestUnauthenticated" name="test_workspace_requires_auth" time="0.045" /><testcase classname="tests.test_iter43_role_isolation.TestUnauthenticated" name="test_me_requires_auth" time="0.223" /><testcase classname="tests.test_iter43_role_isolation.TestAdminAccess" name="test_admin_can_reach_staff_workspace" time="0.331" /><testcase classname="tests.test_iter43_role_isolation.TestAdminAccess" name="test_admin_me_returns_role" time="0.024" /><testcase classname="tests.test_iter43_role_isolation.TestPhase2DashboardMockVsLeak" name="test_fresh_advertiser_backend_has_no_kumul_data" time="2.082" /><testcase classname="tests.test_iter43_role_isolation.TestAdvertiserAccess" name="test_advertiser_can_hit_own_draft" time="2.185" /><testcase classname="tests.test_iter43_role_isolation.TestPhase2DashboardMockVsLeak" name="test_fresh_advertiser_has_no_pa_advertiser_row_named_kumul" time="1.908" /><testcase classname="tests.test_iter43_role_isolation.TestAdvertiserAccess" name="test_advertiser_blocked_from_staff_workspace" time="2.138" /><testcase classname="tests.test_iter43_role_isolation.TestStaffCannotUseAdvertiserApis" name="test_admin_cannot_put_advertiser_draft" time="0.271" /></testsuite></testsuites>