<?xml version="1.0" encoding="utf-8"?><testsuites name="pytest tests"><testsuite name="pytest" errors="0" failures="0" skipped="0" tests="14" time="3.043" timestamp="2026-08-11T08:36:02.837502+00:00" hostname="agent-env-a0e2867f-6e81-4b33-87e8-c1fb64962a56"><testcase classname="tests.test_iter29_source_runs.TestMarketSourceExtendedFields" name="test_create_source_returns_new_fields" time="0.470" /><testcase classname="tests.test_iter29_source_runs.TestMarketSourceExtendedFields" name="test_list_sources_preserves_new_fields" time="0.091" /><testcase classname="tests.test_iter29_source_runs.TestRunStart" name="test_start_run_success" time="0.096" /><testcase classname="tests.test_iter29_source_runs.TestRunStart" name="test_start_run_missing_source_404" time="0.096" /><testcase classname="tests.test_iter29_source_runs.TestRunStart" name="test_start_run_inactive_source_400" time="0.191" /><testcase classname="tests.test_iter29_source_runs.TestRunBatchIngest" name="test_batch_ingest_credits_counters_and_returns_results" time="0.109" /><testcase classname="tests.test_iter29_source_runs.TestRunBatchIngest" name="test_repost_same_slid_credits_updated_not_new" time="0.098" /><testcase classname="tests.test_iter29_source_runs.TestSnapshots" name="test_listing_snapshots_history" time="0.199" /><testcase classname="tests.test_iter29_source_runs.TestRunFinish" name="test_finish_run_success" time="0.290" /><testcase classname="tests.test_iter29_source_runs.TestRunFinish" name="test_cannot_ingest_finished_run" time="0.100" /><testcase classname="tests.test_iter29_source_runs.TestRunFinish" name="test_cannot_finish_twice" time="0.096" /><testcase classname="tests.test_iter29_source_runs.TestRunFinish" name="test_failed_run_increments_streak_then_success_resets" time="0.687" /><testcase classname="tests.test_iter29_source_runs.TestSourceHealth" name="test_sources_health_shape" time="0.097" /><testcase classname="tests.test_iter29_source_runs.TestConfigRetention" name="test_active_config_has_retention_block" time="0.370" /></testsuite></testsuites>