<?xml version="1.0" encoding="utf-8"?><testsuites name="pytest tests"><testsuite name="pytest" errors="0" failures="0" skipped="0" tests="9" time="7.306" timestamp="2026-08-19T01:33:47.674187+00:00" hostname="agent-env-a0e2867f-6e81-4b33-87e8-c1fb64962a56"><testcase classname="tests.test_first_login_password_change" name="test_wrong_temp_password_rejected" time="0.548" /><testcase classname="tests.test_first_login_password_change" name="test_correct_temp_password_returns_challenge" time="0.548" /><testcase classname="tests.test_first_login_password_change" name="test_change_token_denies_ordinary_apis" time="0.571" /><testcase classname="tests.test_first_login_password_change" name="test_weak_new_password_rejected" time="0.657" /><testcase classname="tests.test_first_login_password_change" name="test_mismatched_new_and_confirm_rejected" time="0.538" /><testcase classname="tests.test_first_login_password_change" name="test_reuse_of_temp_password_rejected" time="0.793" /><testcase classname="tests.test_first_login_password_change" name="test_successful_change_and_replay_and_relogin" time="1.564" /><testcase classname="tests.test_first_login_password_change" name="test_audit_event_contains_no_secrets" time="0.977" /><testcase classname="tests.test_first_login_password_change" name="test_admin_login_unchanged" time="0.264" /></testsuite></testsuites>