<?xml version="1.0" encoding="utf-8"?><testsuites name="pytest tests"><testsuite name="pytest" errors="0" failures="0" skipped="0" tests="6" time="1.903" timestamp="2026-07-24T05:59:12.206725+00:00" hostname="agent-env-a0e2867f-6e81-4b33-87e8-c1fb64962a56"><testcase classname="tests.test_iter24_lock_and_legal.TestPropertyLegalFields" name="test_create_and_get_persists_legal_fields" time="0.750" /><testcase classname="tests.test_iter24_lock_and_legal.TestLeadLock" name="test_put_converted_auto_stamps_lock_fields" time="1.086" /><testcase classname="tests.test_iter24_lock_and_legal.TestPropertyLegalFields" name="test_large_portion_variant" time="0.135" /><testcase classname="tests.test_iter24_lock_and_legal.TestLeadLock" name="test_put_locked_lead_returns_409" time="0.050" /><testcase classname="tests.test_iter24_lock_and_legal.TestLeadLock" name="test_delete_locked_lead_returns_409_and_persists" time="0.178" /><testcase classname="tests.test_iter24_lock_and_legal.TestLeadLock" name="test_cleanup_stub_property" time="0.045" /></testsuite></testsuites>