<?xml version="1.0" encoding="utf-8"?><testsuites name="pytest tests"><testsuite name="pytest" errors="0" failures="0" skipped="0" tests="40" time="3.332" timestamp="2026-07-30T08:08:51.631406+00:00" hostname="agent-env-a0e2867f-6e81-4b33-87e8-c1fb64962a56"><testcase classname="tests.test_iter27_validation_and_csv.TestPropertyValidation" name="test_missing_province_400" time="0.715" /><testcase classname="tests.test_iter27_validation_and_csv.TestPropertyValidation" name="test_missing_suburb_400" time="0.047" /><testcase classname="tests.test_iter27_validation_and_csv.TestRegression" name="test_get_ok[/]" time="0.825" /><testcase classname="tests.test_iter27_validation_and_csv.TestPropertyValidation" name="test_missing_listing_type" time="0.049" /><testcase classname="tests.test_iter27_validation_and_csv.TestPropertyValidation" name="test_price_zero_400" time="0.087" /><testcase classname="tests.test_iter27_validation_and_csv.TestRegression" name="test_get_ok[/auth/me]" time="0.073" /><testcase classname="tests.test_iter27_validation_and_csv.TestRegression" name="test_get_ok[/users]" time="0.043" /><testcase classname="tests.test_iter27_validation_and_csv.TestPropertyValidation" name="test_house_missing_allotment_400" time="0.085" /><testcase classname="tests.test_iter27_validation_and_csv.TestRegression" name="test_get_ok[/properties]" time="0.051" /><testcase classname="tests.test_iter27_validation_and_csv.TestPropertyValidation" name="test_portion_missing_portion_number_400" time="0.044" /><testcase classname="tests.test_iter27_validation_and_csv.TestRegression" name="test_get_ok[/property-types]" time="0.133" /><testcase classname="tests.test_iter27_validation_and_csv.TestPropertyValidation" name="test_sale_missing_total_area_ha_400" time="0.096" /><testcase classname="tests.test_iter27_validation_and_csv.TestPropertyValidation" name="test_valid_property_persists" time="0.225" /><testcase classname="tests.test_iter27_validation_and_csv.TestRegression" name="test_get_ok[/customers]" time="0.045" /><testcase classname="tests.test_iter27_validation_and_csv.TestRegression" name="test_get_ok[/requirements]" time="0.045" /><testcase classname="tests.test_iter27_validation_and_csv.TestRegression" name="test_get_ok[/leads]" time="0.044" /><testcase classname="tests.test_iter27_validation_and_csv.TestRegression" name="test_get_ok[/inspections]" time="0.049" /><testcase classname="tests.test_iter27_validation_and_csv.TestRegression" name="test_get_ok[/tasks]" time="0.043" /><testcase classname="tests.test_iter27_validation_and_csv.TestCsvImport" name="test_customers_missing_headers_400" time="0.120" /><testcase classname="tests.test_iter27_validation_and_csv.TestRegression" name="test_get_ok[/notifications]" time="0.046" /><testcase classname="tests.test_iter27_validation_and_csv.TestRegression" name="test_get_ok[/reports/summary]" time="0.049" /><testcase classname="tests.test_iter27_validation_and_csv.TestRegression" name="test_get_ok[/reports/leads_by_source]" time="0.049" /><testcase classname="tests.test_iter27_validation_and_csv.TestCsvImport" name="test_non_csv_file_400" time="0.097" /><testcase classname="tests.test_iter27_validation_and_csv.TestRegression" name="test_get_ok[/locations/provinces]" time="0.046" /><testcase classname="tests.test_iter27_validation_and_csv.TestRegression" name="test_public_challenge" time="0.095" /><testcase classname="tests.test_iter27_validation_and_csv.TestCsvImport" name="test_customers_mixed_valid_invalid" time="0.185" /><testcase classname="tests.test_iter27_validation_and_csv.TestCustomerValidation" name="test_missing_email_400" time="0.041" /><testcase classname="tests.test_iter27_validation_and_csv.TestCustomerValidation" name="test_missing_phone_400" time="0.043" /><testcase classname="tests.test_iter27_validation_and_csv.TestCustomerValidation" name="test_invalid_customer_type_400" time="0.042" /><testcase classname="tests.test_iter27_validation_and_csv.TestCsvImport" name="test_properties_mixed" time="0.178" /><testcase classname="tests.test_iter27_validation_and_csv.TestCustomerValidation" name="test_valid_customer_and_partial_update" time="0.090" /><testcase classname="tests.test_iter27_validation_and_csv.TestCsvSchema" name="test_properties_schema" time="0.045" /><testcase classname="tests.test_iter27_validation_and_csv.TestCsvSchema" name="test_customers_schema" time="0.043" /><testcase classname="tests.test_iter27_validation_and_csv.TestCsvImport" name="test_properties_duplicate_id_skipped" time="0.228" /><testcase classname="tests.test_iter27_validation_and_csv.TestCsvSchema" name="test_properties_template" time="0.043" /><testcase classname="tests.test_iter27_validation_and_csv.TestCsvSchema" name="test_customers_template" time="0.047" /><testcase classname="tests.test_iter27_validation_and_csv.TestSeedProtection" name="test_admin_still_exists" time="0.183" /><testcase classname="tests.test_iter27_validation_and_csv.TestCsvImport" name="test_properties_missing_suburb_value" time="0.123" /><testcase classname="tests.test_iter27_validation_and_csv.TestCsvExport" name="test_properties_export" time="0.042" /><testcase classname="tests.test_iter27_validation_and_csv.TestCsvExport" name="test_customers_export" time="0.379" /></testsuite></testsuites>