<?xml version="1.0" encoding="utf-8"?><testsuites name="pytest tests"><testsuite name="pytest" errors="0" failures="0" skipped="0" tests="28" time="9.658" timestamp="2026-07-27T01:58:35.086450+00:00" hostname="agent-env-a0e2867f-6e81-4b33-87e8-c1fb64962a56"><testcase classname="tests.test_iter26_communications" name="test_root_ok" time="0.140" /><testcase classname="tests.test_iter26_communications" name="test_auth_me" time="0.422" /><testcase classname="tests.test_iter26_communications" name="test_regression_endpoints_authed[/api/users]" time="0.096" /><testcase classname="tests.test_iter26_communications" name="test_regression_endpoints_authed[/api/properties]" time="0.107" /><testcase classname="tests.test_iter26_communications" name="test_regression_endpoints_authed[/api/property-types]" time="0.110" /><testcase classname="tests.test_iter26_communications" name="test_regression_endpoints_authed[/api/customers]" time="0.103" /><testcase classname="tests.test_iter26_communications" name="test_regression_endpoints_authed[/api/requirements]" time="0.116" /><testcase classname="tests.test_iter26_communications" name="test_regression_endpoints_authed[/api/leads]" time="0.103" /><testcase classname="tests.test_iter26_communications" name="test_regression_endpoints_authed[/api/inspections]" time="0.106" /><testcase classname="tests.test_iter26_communications" name="test_regression_endpoints_authed[/api/tasks]" time="1.624" /><testcase classname="tests.test_iter26_communications" name="test_regression_endpoints_authed[/api/notifications]" time="0.102" /><testcase classname="tests.test_iter26_communications" name="test_regression_endpoints_authed[/api/reports/summary]" time="0.100" /><testcase classname="tests.test_iter26_communications" name="test_regression_endpoints_authed[/api/reports/leads_by_source]" time="0.098" /><testcase classname="tests.test_iter26_communications" name="test_regression_endpoints_authed[/api/locations/provinces]" time="0.118" /><testcase classname="tests.test_iter26_communications" name="test_regression_endpoints_authed[/api/locations/cities]" time="0.113" /><testcase classname="tests.test_iter26_communications" name="test_regression_endpoints_authed[/api/locations/suburbs]" time="0.110" /><testcase classname="tests.test_iter26_communications" name="test_public_captcha" time="1.328" /><testcase classname="tests.test_iter26_communications" name="test_property_scheme_enforcement" time="0.343" /><testcase classname="tests.test_iter26_communications" name="test_customer_comms_empty" time="0.219" /><testcase classname="tests.test_iter26_communications" name="test_customer_comm_create" time="0.202" /><testcase classname="tests.test_iter26_communications" name="test_customer_comm_invalid_customer_404" time="0.101" /><testcase classname="tests.test_iter26_communications" name="test_customer_comm_empty_body_400" time="0.113" /><testcase classname="tests.test_iter26_communications" name="test_delete_customer_comm" time="0.400" /><testcase classname="tests.test_iter26_communications" name="test_lead_comm_backward_compat" time="0.409" /><testcase classname="tests.test_iter26_communications" name="test_lead_comm_legacy_fallback" time="0.206" /><testcase classname="tests.test_iter26_communications" name="test_customer_delete_cascade" time="0.625" /><testcase classname="tests.test_iter26_communications" name="test_lead_delete_cascade" time="0.732" /><testcase classname="tests.test_iter26_communications" name="test_customer_vs_lead_isolation" time="0.593" /></testsuite></testsuites>