<?xml version="1.0" encoding="utf-8"?><testsuites name="pytest tests"><testsuite name="pytest" errors="1" failures="0" skipped="0" tests="24" time="5.316" timestamp="2026-07-17T22:08:38.645583+00:00" hostname="agent-env-a0e2867f-6e81-4b33-87e8-c1fb64962a56"><testcase classname="tests.test_page_content" name="test_get_page_all_slugs[home]" time="0.340" /><testcase classname="tests.backend_test" name="test_health" time="0.299" /><testcase classname="tests.backend_test" name="test_login_wrong_password" time="0.161" /><testcase classname="tests.test_page_content" name="test_get_page_all_slugs[about]" time="0.139" /><testcase classname="tests.test_page_content" name="test_get_page_all_slugs[sell]" time="0.188" /><testcase classname="tests.backend_test" name="test_auth_me" time="0.139"><error message="failed on setup with &quot;AssertionError: {&quot;detail&quot;:&quot;Invalid email or password&quot;}&#10;assert 401 == 200&#10; +  where 401 = &lt;Response [401]&gt;.status_code&quot;">tests/backend_test.py:27: in admin_token
    return _login(ADMIN["email"], ADMIN["password"])
           ^^^^^^^^^^^^^^^^^^^^^^^^^^^^^^^^^^^^^^^^^
tests/backend_test.py:21: in _login
    assert r.status_code == 200, r.text
E   AssertionError: {"detail":"Invalid email or password"}
E   assert 401 == 200
E    +  where 401 = &lt;Response [401]&gt;.status_code</error></testcase><testcase classname="tests.test_page_content" name="test_get_page_all_slugs[buy]" time="0.214" /><testcase classname="tests.test_page_content" name="test_get_page_all_slugs[rent]" time="0.159" /><testcase classname="tests.test_page_content" name="test_get_page_all_slugs[wanted]" time="0.188" /><testcase classname="tests.test_page_content" name="test_get_page_all_slugs[management]" time="0.108" /><testcase classname="tests.test_page_content" name="test_get_page_all_slugs[corporate]" time="0.107" /><testcase classname="tests.test_page_content" name="test_get_page_all_slugs[contact]" time="0.101" /><testcase classname="tests.test_page_content" name="test_get_page_all_slugs[legal_privacy]" time="0.104" /><testcase classname="tests.test_page_content" name="test_get_page_all_slugs[legal_terms]" time="0.193" /><testcase classname="tests.test_page_content" name="test_get_page_nonexistent_returns_404" time="0.113" /><testcase classname="tests.test_page_content" name="test_put_page_without_auth_returns_401" time="0.135" /><testcase classname="tests.test_page_content" name="test_post_list_without_auth_returns_401" time="0.112" /><testcase classname="tests.test_page_content" name="test_delete_list_without_auth_returns_401" time="0.119" /><testcase classname="tests.test_page_content" name="test_put_about_partial_mission_preserves_defaults" time="1.287" /><testcase classname="tests.test_page_content" name="test_team_list_append_and_delete" time="0.569" /><testcase classname="tests.test_page_content" name="test_delete_out_of_range_returns_400" time="0.120" /><testcase classname="tests.test_page_content" name="test_post_list_bad_section_returns_400" time="0.116" /><testcase classname="tests.test_page_content" name="test_regression_content_site" time="0.175" /><testcase classname="tests.test_page_content" name="test_regression_content_about" time="0.130" /></testsuite></testsuites>