<?xml version="1.0" encoding="utf-8"?><testsuites name="pytest tests"><testsuite name="pytest" errors="0" failures="0" skipped="0" tests="19" time="2.466" timestamp="2026-08-11T13:49:28.598069+00:00" hostname="agent-env-a0e2867f-6e81-4b33-87e8-c1fb64962a56"><testcase classname="tests.test_iter35_selector_tester.TestCollectorsRegistry" name="test_list_collectors_has_defaults" time="0.671" /><testcase classname="tests.test_iter35_selector_tester.TestCollectorsRegistry" name="test_defaults_endpoint_http[hausples_png]" time="0.064" /><testcase classname="tests.test_iter35_selector_tester.TestCollectorsRegistry" name="test_defaults_endpoint_http[ljhookerpng]" time="0.059" /><testcase classname="tests.test_iter35_selector_tester.TestCollectorsRegistry" name="test_defaults_endpoint_http[mypnghome]" time="0.062" /><testcase classname="tests.test_iter35_selector_tester.TestCollectorsRegistry" name="test_defaults_endpoint_http[sre]" time="0.064" /><testcase classname="tests.test_iter35_selector_tester.TestCollectorsRegistry" name="test_defaults_endpoint_http[dac]" time="0.058" /><testcase classname="tests.test_iter35_selector_tester.TestCollectorsRegistry" name="test_defaults_endpoint_http[marketmeri]" time="0.058" /><testcase classname="tests.test_iter35_selector_tester.TestCollectorsRegistry" name="test_defaults_endpoint_seed_404" time="0.059" /><testcase classname="tests.test_iter35_selector_tester.TestCollectorsRegistry" name="test_defaults_endpoint_unknown_404" time="0.057" /><testcase classname="tests.test_iter35_selector_tester.TestGenericSelectorTest" name="test_probe_each_collector[hausples_png]" time="0.173" /><testcase classname="tests.test_iter35_selector_tester.TestGenericSelectorTest" name="test_probe_each_collector[ljhookerpng]" time="0.123" /><testcase classname="tests.test_iter35_selector_tester.TestGenericSelectorTest" name="test_probe_each_collector[mypnghome]" time="0.152" /><testcase classname="tests.test_iter35_selector_tester.TestGenericSelectorTest" name="test_probe_each_collector[sre]" time="0.123" /><testcase classname="tests.test_iter35_selector_tester.TestGenericSelectorTest" name="test_probe_each_collector[dac]" time="0.135" /><testcase classname="tests.test_iter35_selector_tester.TestGenericSelectorTest" name="test_probe_each_collector[marketmeri]" time="0.130" /><testcase classname="tests.test_iter35_selector_tester.TestGenericSelectorTest" name="test_seed_key_returns_404" time="0.061" /><testcase classname="tests.test_iter35_selector_tester.TestGenericSelectorTest" name="test_invalid_url_400" time="0.066" /><testcase classname="tests.test_iter35_selector_tester.TestGenericSelectorTest" name="test_legacy_hausples_endpoint" time="0.147" /><testcase classname="tests.test_iter35_selector_tester.TestGenericSelectorTest" name="test_selector_override" time="0.134" /></testsuite></testsuites>