<?xml version="1.0" encoding="utf-8"?><testsuites name="pytest tests"><testsuite name="pytest" errors="0" failures="0" skipped="0" tests="9" time="5.192" timestamp="2026-08-21T05:10:58.030333+00:00" hostname="agent-env-a0e2867f-6e81-4b33-87e8-c1fb64962a56"><testcase classname="tests.test_iter32_turnstile.TestLoginTurnstile" name="test_login_without_token_rejected" time="0.201" /><testcase classname="tests.test_iter32_turnstile.TestLoginTurnstile" name="test_login_with_empty_token_rejected" time="0.045" /><testcase classname="tests.test_iter32_turnstile.TestLoginTurnstile" name="test_always_pass_secret_accepts_any_token" time="0.398" /><testcase classname="tests.test_iter32_turnstile.TestLoginTurnstile" name="test_login_with_passing_token_succeeds" time="0.353" /><testcase classname="tests.test_iter32_turnstile.TestLoginTurnstile" name="test_wrong_password_still_401_with_valid_token" time="0.343" /><testcase classname="tests.test_iter32_turnstile.TestRegisterTurnstile" name="test_register_without_token_rejected" time="0.048" /><testcase classname="tests.test_iter32_turnstile.TestRegisterTurnstile" name="test_register_advertiser_with_token_then_login" time="0.754" /><testcase classname="tests.test_iter32_turnstile.TestRegisterTurnstile" name="test_register_referral_partner_with_token" time="0.726" /><testcase classname="tests.test_iter32_turnstile.TestLockout" name="test_lockout_after_five_failures" time="2.287" /></testsuite></testsuites>