<?xml version="1.0" encoding="utf-8"?><testsuites name="pytest tests"><testsuite name="pytest" errors="0" failures="0" skipped="0" tests="10" time="3.152" timestamp="2026-08-11T07:57:40.050705+00:00" hostname="agent-env-a0e2867f-6e81-4b33-87e8-c1fb64962a56"><testcase classname="tests.test_iter28_market_matching_guidance" name="test_active_config_exists" time="0.552" /><testcase classname="tests.test_iter28_market_matching_guidance" name="test_summary_shape" time="0.055" /><testcase classname="tests.test_iter28_market_matching_guidance" name="test_ingest_novel_listing_creates_master" time="0.182" /><testcase classname="tests.test_iter28_market_matching_guidance" name="test_repost_same_source_dedups" time="0.181" /><testcase classname="tests.test_iter28_market_matching_guidance" name="test_two_sources_same_parcel_link_to_same_master" time="0.095" /><testcase classname="tests.test_iter28_market_matching_guidance" name="test_guidance_run_shape_and_math" time="0.393" /><testcase classname="tests.test_iter28_market_matching_guidance" name="test_guidance_list_and_detail" time="0.095" /><testcase classname="tests.test_iter28_market_matching_guidance" name="test_config_publish_and_revert_with_audit" time="0.304" /><testcase classname="tests.test_iter28_market_matching_guidance" name="test_ingest_missing_required_400" time="0.045" /><testcase classname="tests.test_iter28_market_matching_guidance" name="test_guidance_bad_purpose_400" time="0.229" /></testsuite></testsuites>