<?xml version="1.0" encoding="utf-8"?><testsuites name="pytest tests"><testsuite name="pytest" errors="0" failures="0" skipped="0" tests="36" time="4.548" timestamp="2026-07-20T03:47:19.650969+00:00" hostname="agent-env-a0e2867f-6e81-4b33-87e8-c1fb64962a56"><testcase classname="tests.test_captcha" name="test_challenge_shape" time="0.202" /><testcase classname="tests.test_page_content" name="test_get_page_all_slugs[home]" time="0.199" /><testcase classname="tests.test_captcha" name="test_challenge_uniqueness" time="0.432" /><testcase classname="tests.test_page_content" name="test_get_page_all_slugs[about]" time="0.101" /><testcase classname="tests.test_page_content" name="test_get_page_all_slugs[sell]" time="0.121" /><testcase classname="tests.test_page_content" name="test_get_page_all_slugs[buy]" time="0.141" /><testcase classname="tests.test_page_content" name="test_get_page_all_slugs[rent]" time="0.141" /><testcase classname="tests.test_captcha" name="test_public_lead_correct_captcha_uppercase" time="0.296" /><testcase classname="tests.test_page_content" name="test_get_page_all_slugs[wanted]" time="0.137" /><testcase classname="tests.test_page_content" name="test_get_page_all_slugs[management]" time="0.165" /><testcase classname="tests.test_captcha" name="test_public_lead_correct_captcha_lowercase" time="0.246" /><testcase classname="tests.test_page_content" name="test_get_page_all_slugs[corporate]" time="0.100" /><testcase classname="tests.test_page_content" name="test_get_page_all_slugs[contact]" time="0.114" /><testcase classname="tests.test_captcha" name="test_public_lead_wrong_captcha" time="0.234" /><testcase classname="tests.test_page_content" name="test_get_page_all_slugs[legal_privacy]" time="0.114" /><testcase classname="tests.test_page_content" name="test_get_page_all_slugs[legal_terms]" time="0.137" /><testcase classname="tests.test_captcha" name="test_public_lead_honeypot" time="0.247" /><testcase classname="tests.test_page_content" name="test_get_page_nonexistent_returns_404" time="0.104" /><testcase classname="tests.test_page_content" name="test_put_page_without_auth_returns_401" time="0.096" /><testcase classname="tests.test_captcha" name="test_public_inspection_with_captcha" time="0.555" /><testcase classname="tests.test_page_content" name="test_post_list_without_auth_returns_401" time="0.102" /><testcase classname="tests.test_page_content" name="test_delete_list_without_auth_returns_401" time="0.099" /><testcase classname="tests.test_page_content" name="test_put_about_partial_mission_preserves_defaults" time="0.878" /><testcase classname="tests.test_captcha" name="test_admin_login_regression" time="0.475" /><testcase classname="tests.test_sell_migration" name="test_sell_benefits_migrated" time="0.143" /><testcase classname="tests.test_page_content" name="test_team_list_append_and_delete" time="0.760" /><testcase classname="tests.test_sell_migration" name="test_sell_no_free_appraisal" time="0.099" /><testcase classname="tests.test_sell_migration" name="test_sell_hero_intro_uses_valuation" time="0.106" /><testcase classname="tests.test_map_coords.TestPropertyMapCoords" name="test_create_property_with_coords" time="0.246" /><testcase classname="tests.test_map_coords.TestPropertyMapCoords" name="test_create_property_without_coords_defaults_none" time="0.005" /><testcase classname="tests.test_map_coords.TestContentSiteMapCoords" name="test_put_get_site_map_coords" time="0.009" /><testcase classname="tests.test_map_coords.TestPageContactMapCoords" name="test_put_get_contact_map_coords" time="0.035" /><testcase classname="tests.test_page_content" name="test_delete_out_of_range_returns_400" time="0.099" /><testcase classname="tests.test_page_content" name="test_post_list_bad_section_returns_400" time="0.099" /><testcase classname="tests.test_page_content" name="test_regression_content_site" time="0.112" /><testcase classname="tests.test_page_content" name="test_regression_content_about" time="0.113" /></testsuite></testsuites>