<?xml version="1.0" encoding="utf-8"?><testsuites name="pytest tests"><testsuite name="pytest" errors="0" failures="0" skipped="0" tests="8" time="2.660" timestamp="2026-07-17T01:44:09.224363+00:00" hostname="agent-env-a0e2867f-6e81-4b33-87e8-c1fb64962a56"><testcase classname="tests.test_captcha" name="test_challenge_shape" time="0.192" /><testcase classname="tests.test_captcha" name="test_challenge_uniqueness" time="0.306" /><testcase classname="tests.test_captcha" name="test_public_lead_correct_captcha_uppercase" time="0.208" /><testcase classname="tests.test_captcha" name="test_public_lead_correct_captcha_lowercase" time="0.277" /><testcase classname="tests.test_captcha" name="test_public_lead_wrong_captcha" time="0.217" /><testcase classname="tests.test_captcha" name="test_public_lead_honeypot" time="0.205" /><testcase classname="tests.test_captcha" name="test_public_inspection_with_captcha" time="0.325" /><testcase classname="tests.test_captcha" name="test_admin_login_regression" time="0.421" /></testsuite></testsuites>