<?xml version="1.0" encoding="utf-8"?><testsuites name="pytest tests"><testsuite name="pytest" errors="0" failures="0" skipped="0" tests="11" time="3.818" timestamp="2026-08-20T08:53:46.406011+00:00" hostname="agent-env-a0e2867f-6e81-4b33-87e8-c1fb64962a56"><testcase classname="tests.test_iter29_regressions" name="test_staff_login[director@trel.com.pg-managing_director]" time="0.780" /><testcase classname="tests.test_iter29_regressions" name="test_staff_login[sales@trel.com.pg-sales_agent]" time="0.364" /><testcase classname="tests.test_iter29_regressions" name="test_staff_login[leasing@trel.com.pg-leasing_agent]" time="0.393" /><testcase classname="tests.test_iter29_regressions" name="test_staff_login[marketing@trel.com.pg-marketing_officer]" time="0.375" /><testcase classname="tests.test_iter29_regressions" name="test_duplicate_check_accepts_empty_tenure" time="0.070" /><testcase classname="tests.test_iter29_regressions" name="test_create_active_and_read_path" time="0.336" /><testcase classname="tests.test_iter29_regressions" name="test_draft_visible_with_status_filter" time="0.210" /><testcase classname="tests.test_iter29_regressions" name="test_duplicate_blocked_then_override" time="0.156" /><testcase classname="tests.test_iter29_regressions" name="test_same_parcel_different_owner_not_duplicate" time="0.091" /><testcase classname="tests.test_iter29_regressions" name="test_customary_requires_district" time="0.116" /><testcase classname="tests.test_iter29_regressions" name="test_market_evidence_endpoints" time="0.449" /></testsuite></testsuites>