<?xml version="1.0" encoding="utf-8"?><testsuites name="pytest tests"><testsuite name="pytest" errors="0" failures="0" skipped="0" tests="10" time="4.787" timestamp="2026-08-12T01:30:04.962463+00:00" hostname="agent-env-a0e2867f-6e81-4b33-87e8-c1fb64962a56"><testcase classname="tests.test_iter36_discovery.TestRegression" name="test_collectors_endpoint" time="0.739" /><testcase classname="tests.test_iter36_discovery.TestDiscoveryAcceptance" name="test_hausples_discovery_returns_buy_and_rent" time="3.688" /><testcase classname="tests.test_iter36_discovery.TestRegression" name="test_sources_endpoint" time="0.115" /><testcase classname="tests.test_iter36_discovery.TestRegression" name="test_guidance_run" time="0.184" /><testcase classname="tests.test_iter36_discovery.TestListingPagesPersistence" name="test_listing_pages_round_trip_verbatim" time="0.304" /><testcase classname="tests.test_iter36_discovery.TestLegacyMigration" name="test_no_legacy_keys_and_listing_pages_present" time="0.098" /><testcase classname="tests.test_iter36_discovery.TestScraperUsesExactUrls" name="test_collect_with_empty_listing_pages_no_crash" time="0.276" /><testcase classname="tests.test_iter36_discovery.TestSaveSelectorsToSource" name="test_save_parser_config_merges" time="0.315" /><testcase classname="tests.test_iter36_discovery.TestDiscoveryAcceptance" name="test_discovery_unreachable_url_returns_ok_false" time="0.551" /><testcase classname="tests.test_iter36_discovery.TestDiscoveryAcceptance" name="test_discovery_non_http_collector" time="0.044" /></testsuite></testsuites>