<?xml version="1.0" encoding="utf-8"?><testsuites name="pytest tests"><testsuite name="pytest" errors="0" failures="4" skipped="0" tests="54" time="7.901" timestamp="2026-08-20T08:52:12.717507+00:00" hostname="agent-env-a0e2867f-6e81-4b33-87e8-c1fb64962a56"><testcase classname="tests.test_iter28_screen_matrix.TestLogin" name="test_health" time="0.772" /><testcase classname="tests.test_iter28_screen_matrix.TestLogin" name="test_admin_login_workspace" time="0.325" /><testcase classname="tests.test_iter28_screen_matrix.TestSidebarScreens" name="test_endpoint_ok[properties]" time="1.122" /><testcase classname="tests.test_iter28_screen_matrix.TestLogin" name="test_staff_login[director@trel.com.pg-Password@123-managing_director]" time="0.307" /><testcase classname="tests.test_iter28_screen_matrix.TestSidebarScreens" name="test_endpoint_ok[customers]" time="0.307" /><testcase classname="tests.test_iter28_screen_matrix.TestLogin" name="test_staff_login[sales@trel.com.pg-Password@123-sales_agent]" time="0.337" /><testcase classname="tests.test_iter28_screen_matrix.TestSidebarScreens" name="test_endpoint_ok[leads]" time="0.301" /><testcase classname="tests.test_iter28_screen_matrix.TestSidebarScreens" name="test_endpoint_ok[requirements]" time="0.344" /><testcase classname="tests.test_iter28_screen_matrix.TestLogin" name="test_staff_login[leasing@trel.com.pg-Password@123-leasing_agent]" time="0.314" /><testcase classname="tests.test_iter28_screen_matrix.TestLogin" name="test_staff_login[marketing@trel.com.pg-Password@123-marketing_officer]" time="0.315" /><testcase classname="tests.test_iter28_screen_matrix.TestSidebarScreens" name="test_endpoint_ok[inspections]" time="0.313" /><testcase classname="tests.test_iter28_screen_matrix.TestLogin" name="test_bad_password_rejected" time="0.344" /><testcase classname="tests.test_iter28_screen_matrix.TestSidebarScreens" name="test_endpoint_ok[tasks]" time="0.303" /><testcase classname="tests.test_iter28_screen_matrix.TestSidebarScreens" name="test_endpoint_ok[users]" time="0.079" /><testcase classname="tests.test_iter28_screen_matrix.TestLogin" name="test_me" time="0.137" /><testcase classname="tests.test_iter28_screen_matrix.TestSidebarScreens" name="test_endpoint_ok[locations/provinces]" time="0.080" /><testcase classname="tests.test_iter28_screen_matrix.TestLogin" name="test_bcrypt_hash_format" time="0.061" /><testcase classname="tests.test_iter28_screen_matrix.TestSidebarScreens" name="test_endpoint_ok[locations/cities]" time="0.076" /><testcase classname="tests.test_iter28_screen_matrix.TestSidebarScreens" name="test_endpoint_ok[locations/suburbs]" time="0.076" /><testcase classname="tests.test_iter28_screen_matrix.TestSidebarScreens" name="test_endpoint_ok[property-types]" time="0.076" /><testcase classname="tests.test_iter28_screen_matrix.TestSidebarScreens" name="test_endpoint_ok[notifications]" time="0.080" /><testcase classname="tests.test_iter28_screen_matrix.TestPropertyWritePath" name="test_create_house_and_read_back" time="0.404" /><testcase classname="tests.test_iter28_screen_matrix.TestSidebarScreens" name="test_endpoint_ok[reports/summary]" time="0.081" /><testcase classname="tests.test_iter28_screen_matrix.TestSidebarScreens" name="test_endpoint_ok[reports/leads_by_source]" time="0.075" /><testcase classname="tests.test_iter28_screen_matrix.TestPropertyWritePath" name="test_created_property_appears_in_list" time="0.061"><failure message="AssertionError: newly created property is not returned by GET /api/properties&#10;assert False&#10; +  where False = any(&lt;generator object TestPropertyWritePath.test_created_property_appears_in_list.&lt;locals&gt;.&lt;genexpr&gt; at 0xfd10d7b149e0&gt;)">E   AssertionError: newly created property is not returned by GET /api/properties
    assert False
     +  where False = any(&lt;generator object TestPropertyWritePath.test_created_property_appears_in_list.&lt;locals&gt;.&lt;genexpr&gt; at 0xfd10d7b149e0&gt;)</failure></testcase><testcase classname="tests.test_iter28_screen_matrix.TestSidebarScreens" name="test_endpoint_ok[admin/market/listings]" time="0.079" /><testcase classname="tests.test_iter28_screen_matrix.TestPropertyWritePath" name="test_update_price_persists" time="0.173" /><testcase classname="tests.test_iter28_screen_matrix.TestSidebarScreens" name="test_endpoint_ok[admin/market/summary]" time="0.080" /><testcase classname="tests.test_iter28_screen_matrix.TestSidebarScreens" name="test_endpoint_ok[admin/market/sources]" time="0.076" /><testcase classname="tests.test_iter28_screen_matrix.TestPropertyWritePath" name="test_duplicate_check_no_match" time="0.075" /><testcase classname="tests.test_iter28_screen_matrix.TestSidebarScreens" name="test_endpoint_ok[admin/market/match-reviews]" time="0.075" /><testcase classname="tests.test_iter28_screen_matrix.TestPropertyWritePath" name="test_duplicate_check_detects_same_owner_same_parcel" time="0.064" /><testcase classname="tests.test_iter28_screen_matrix.TestSidebarScreens" name="test_market_summary_shape" time="0.076" /><testcase classname="tests.test_iter28_screen_matrix.TestPropertyWritePath" name="test_create_duplicate_blocked_409" time="0.082" /><testcase classname="tests.test_iter28_screen_matrix.TestSidebarScreens" name="test_property_list_matches_summary_count" time="0.151"><failure message="AssertionError: dashboard says 9 active properties but GET /api/properties?status=active returns 0&#10;assert 0 == 9&#10; +  where 0 = len([])">E   AssertionError: dashboard says 9 active properties but GET /api/properties?status=active returns 0
    assert 0 == 9
     +  where 0 = len([])</failure></testcase><testcase classname="tests.test_iter28_screen_matrix.TestPropertyWritePath" name="test_duplicate_override_allows_create" time="0.079" /><testcase classname="tests.test_iter28_screen_matrix.TestPropertyWritePath" name="test_delete_withdraws_property" time="0.231" /><testcase classname="tests.test_iter28_screen_matrix.TestPublic" name="test_public_get[properties?status=active&amp;limit=6]" time="0.055" /><testcase classname="tests.test_iter28_screen_matrix.TestPropertyValidation" name="test_customary_requires_portion_number" time="0.387" /><testcase classname="tests.test_iter28_screen_matrix.TestPublic" name="test_public_get[properties?featured=true]" time="0.068" /><testcase classname="tests.test_iter28_screen_matrix.TestPublic" name="test_public_get[public/challenge]" time="0.045" /><testcase classname="tests.test_iter28_screen_matrix.TestPublic" name="test_public_get[page-content/home]" time="0.052" /><testcase classname="tests.test_iter28_screen_matrix.TestPropertyValidation" name="test_customary_requires_district" time="0.077" /><testcase classname="tests.test_iter28_screen_matrix.TestAuthHardening" name="test_login_sets_httponly_cookie" time="0.409" /><testcase classname="tests.test_iter28_screen_matrix.TestPropertyValidation" name="test_customary_land_create_with_district" time="0.090" /><testcase classname="tests.test_iter28_screen_matrix.TestPropertyValidation" name="test_missing_owner_name_rejected" time="0.288" /><testcase classname="tests.test_iter28_screen_matrix.TestAuthHardening" name="test_cors_allows_credentials_with_explicit_origin" time="0.092"><failure message="AssertionError: CORS must echo an explicit origin and allow credentials for cookie auth; got origin='*' credentials=None&#10;assert ('*' == 'https://req-...gentagent.com'&#10;  &#10;  - https://req-to-web-1.preview.emergentagent.com&#10;  + *)">E   AssertionError: CORS must echo an explicit origin and allow credentials for cookie auth; got origin='*' credentials=None
    assert ('*' == 'https://req-...gentagent.com'
      
      - https://req-to-web-1.preview.emergentagent.com
      + *)</failure></testcase><testcase classname="tests.test_iter28_screen_matrix.TestPropertyValidation" name="test_active_requires_verified_authority" time="0.079" /><testcase classname="tests.test_iter28_screen_matrix.TestPropertyValidation" name="test_zero_price_rejected" time="0.081" /><testcase classname="tests.test_iter28_screen_matrix.TestAuthHardening" name="test_brute_force_lockout_after_five_failures" time="2.345"><failure message="AssertionError: no lockout after 6 failed logins; status codes=[401, 401, 401, 401, 401, 401]&#10;assert (429 in [401, 401, 401, 401, 401, 401] or 423 in [401, 401, 401, 401, 401, 401])">E   AssertionError: no lockout after 6 failed logins; status codes=[401, 401, 401, 401, 401, 401]
    assert (429 in [401, 401, 401, 401, 401, 401] or 423 in [401, 401, 401, 401, 401, 401])</failure></testcase><testcase classname="tests.test_iter28_screen_matrix.TestPropertyValidation" name="test_unauthenticated_create_rejected" time="0.309" /><testcase classname="tests.test_iter28_screen_matrix.TestPropertyValidation" name="test_get_unknown_property_404" time="0.156" /><testcase classname="tests.test_iter28_screen_matrix.TestUiPayloadContract" name="test_empty_tenure_type_from_ui_is_accepted" time="0.072" /><testcase classname="tests.test_iter28_screen_matrix.TestUiPayloadContract" name="test_null_tenure_type_accepted" time="0.192" /></testsuite></testsuites>