<?xml version="1.0" encoding="utf-8"?><testsuites name="pytest tests"><testsuite name="pytest" errors="0" failures="0" skipped="0" tests="7" time="2.549" timestamp="2026-08-11T10:48:55.662609+00:00" hostname="agent-env-a0e2867f-6e81-4b33-87e8-c1fb64962a56"><testcase classname="tests.test_iter32_batch.TestRetention" name="test_run_retention_shape" time="0.480" /><testcase classname="tests.test_iter32_batch.TestRetention" name="test_retention_emits_audit_event" time="0.117" /><testcase classname="tests.test_iter32_batch.TestRetention" name="test_retention_soft_deletes_aged_row" time="0.049" /><testcase classname="tests.test_iter32_batch.TestHausples" name="test_hausples_collect_no_crash" time="1.280" /><testcase classname="tests.test_iter32_batch.TestSeedRentProportion" name="test_seed_yields_rent_listings" time="0.284" /><testcase classname="tests.test_iter32_batch.TestGuidanceBreakdown" name="test_guidance_comparables_have_breakdown" time="0.262" /><testcase classname="tests.test_iter32_batch.TestZZZCleanup" name="test_final_cleanup" time="0.006" /></testsuite></testsuites>