<?xml version="1.0" encoding="utf-8"?><testsuites name="pytest tests"><testsuite name="pytest" errors="0" failures="0" skipped="0" tests="10" time="5.012" timestamp="2026-08-11T12:45:56.059958+00:00" hostname="agent-env-a0e2867f-6e81-4b33-87e8-c1fb64962a56"><testcase classname="tests.test_iter33_polish.TestGuidanceSnapshot" name="test_run_guidance_produces_snapshot_fields" time="0.536" /><testcase classname="tests.test_iter33_polish.TestHealthLedConfig" name="test_endpoint_returns_expected_defaults" time="0.063" /><testcase classname="tests.test_iter33_polish.TestHealthLedConfig" name="test_requires_auth" time="0.113" /><testcase classname="tests.test_iter33_polish.TestPriceCompareLead" name="test_seller_workflow_creates_lead_and_customer" time="0.442" /><testcase classname="tests.test_iter33_polish.TestPriceCompareLead" name="test_landlord_workflow_routes_to_leasing_agent" time="0.681" /><testcase classname="tests.test_iter33_polish.TestAnalyticsCache" name="test_two_calls_within_5s_return_deep_equal[/api/admin/market/analytics/source-strip]" time="0.625" /><testcase classname="tests.test_iter33_polish.TestAnalyticsCache" name="test_two_calls_within_5s_return_deep_equal[/api/admin/market/analytics/price-trends]" time="0.618" /><testcase classname="tests.test_iter33_polish.TestAnalyticsCache" name="test_two_calls_within_5s_return_deep_equal[/api/admin/market/analytics/median-by-suburb]" time="0.617" /><testcase classname="tests.test_iter33_polish.TestAnalyticsCache" name="test_two_calls_within_5s_return_deep_equal[/api/admin/market/analytics/heatmap]" time="0.629" /><testcase classname="tests.test_iter33_polish.TestAnalyticsCache" name="test_two_calls_within_5s_return_deep_equal[/api/admin/market/analytics/quick-insights]" time="0.618" /></testsuite></testsuites>