<?xml version="1.0" encoding="utf-8"?><testsuites name="pytest tests"><testsuite name="pytest" errors="0" failures="0" skipped="0" tests="4" time="1.050" timestamp="2026-07-17T11:48:05.532578+00:00" hostname="agent-env-a0e2867f-6e81-4b33-87e8-c1fb64962a56"><testcase classname="tests.test_map_coords.TestContentSiteMapCoords" name="test_put_get_site_map_coords" time="0.497" /><testcase classname="tests.test_map_coords.TestPropertyMapCoords" name="test_create_property_with_coords" time="0.503" /><testcase classname="tests.test_map_coords.TestPropertyMapCoords" name="test_create_property_without_coords_defaults_none" time="0.032" /><testcase classname="tests.test_map_coords.TestPageContactMapCoords" name="test_put_get_contact_map_coords" time="0.008" /></testsuite></testsuites>