<?xml version="1.0" encoding="utf-8"?><testsuites name="pytest tests"><testsuite name="pytest" errors="4" failures="1" skipped="0" tests="43" time="4.850" timestamp="2026-07-20T08:08:09.088702+00:00" hostname="agent-env-a0e2867f-6e81-4b33-87e8-c1fb64962a56"><testcase classname="" name="tests.test_lead_convert" time="0.000"><error message="collection failure">backend/tests/test_lead_convert.py:12: in &lt;module&gt;
    BASE = os.environ["REACT_APP_BACKEND_URL"].rstrip("/")
           ^^^^^^^^^^^^^^^^^^^^^^^^^^^^^^^^^^^
&lt;frozen os&gt;:679: in __getitem__
    ???
E   KeyError: 'REACT_APP_BACKEND_URL'</error><error message="collection failure">backend/tests/test_lead_convert.py:12: in &lt;module&gt;
    BASE = os.environ["REACT_APP_BACKEND_URL"].rstrip("/")
           ^^^^^^^^^^^^^^^^^^^^^^^^^^^^^^^^^^^
&lt;frozen os&gt;:679: in __getitem__
    ???
E   KeyError: 'REACT_APP_BACKEND_URL'</error></testcase><testcase classname="" name="tests.test_locations" time="0.000"><error message="collection failure">backend/tests/test_locations.py:17: in &lt;module&gt;
    BASE_URL = os.environ.get("REACT_APP_BACKEND_URL").rstrip("/")
               ^^^^^^^^^^^^^^^^^^^^^^^^^^^^^^^^^^^^^^^^^^^^^^
E   AttributeError: 'NoneType' object has no attribute 'rstrip'</error><error message="collection failure">backend/tests/test_locations.py:17: in &lt;module&gt;
    BASE_URL = os.environ.get("REACT_APP_BACKEND_URL").rstrip("/")
               ^^^^^^^^^^^^^^^^^^^^^^^^^^^^^^^^^^^^^^^^^^^^^^
E   AttributeError: 'NoneType' object has no attribute 'rstrip'</error></testcase><testcase classname="tests.test_page_content" name="test_get_page_all_slugs[home]" time="0.216" /><testcase classname="tests.test_captcha" name="test_challenge_shape" time="0.212" /><testcase classname="tests.test_captcha" name="test_challenge_uniqueness" time="0.296" /><testcase classname="tests.test_page_content" name="test_get_page_all_slugs[about]" time="0.103" /><testcase classname="tests.test_page_content" name="test_get_page_all_slugs[sell]" time="0.104" /><testcase classname="tests.test_page_content" name="test_get_page_all_slugs[buy]" time="0.101" /><testcase classname="tests.test_captcha" name="test_public_lead_correct_captcha_uppercase" time="0.256" /><testcase classname="tests.test_page_content" name="test_get_page_all_slugs[rent]" time="0.091" /><testcase classname="tests.test_page_content" name="test_get_page_all_slugs[wanted]" time="0.095" /><testcase classname="tests.test_page_content" name="test_get_page_all_slugs[management]" time="0.101" /><testcase classname="tests.test_captcha" name="test_public_lead_correct_captcha_lowercase" time="0.195" /><testcase classname="tests.test_page_content" name="test_get_page_all_slugs[corporate]" time="0.108" /><testcase classname="tests.test_page_content" name="test_get_page_all_slugs[contact]" time="0.103" /><testcase classname="tests.test_captcha" name="test_public_lead_wrong_captcha" time="0.220" /><testcase classname="tests.test_page_content" name="test_get_page_all_slugs[legal_privacy]" time="0.100" /><testcase classname="tests.test_page_content" name="test_get_page_all_slugs[legal_terms]" time="0.098" /><testcase classname="tests.test_captcha" name="test_public_lead_honeypot" time="0.196" /><testcase classname="tests.test_page_content" name="test_get_page_nonexistent_returns_404" time="0.096" /><testcase classname="tests.test_page_content" name="test_put_page_without_auth_returns_401" time="0.132" /><testcase classname="tests.test_captcha" name="test_public_inspection_with_captcha" time="0.334" /><testcase classname="tests.test_page_content" name="test_post_list_without_auth_returns_401" time="0.092" /><testcase classname="tests.test_page_content" name="test_delete_list_without_auth_returns_401" time="0.095" /><testcase classname="tests.test_captcha" name="test_admin_login_regression" time="0.619" /><testcase classname="tests.test_page_content" name="test_put_about_partial_mission_preserves_defaults" time="0.896" /><testcase classname="tests.test_customers" name="test_list_customers_requires_auth" time="0.111" /><testcase classname="tests.test_customers" name="test_post_requires_auth" time="0.140" /><testcase classname="tests.test_page_content" name="test_team_list_append_and_delete" time="0.653"><failure message="assert False&#10; +  where False = all(&lt;generator object test_team_list_append_and_delete.&lt;locals&gt;.&lt;genexpr&gt; at 0xfff61d5dc580&gt;)">backend/tests/test_page_content.py:107: in test_team_list_append_and_delete
    assert all(m.get("name") != "TEST_Member_XYZ" for m in final)
E   assert False
E    +  where False = all(&lt;generator object test_team_list_append_and_delete.&lt;locals&gt;.&lt;genexpr&gt; at 0xfff61d5dc580&gt;)</failure></testcase><testcase classname="tests.test_customers" name="test_put_requires_auth" time="0.099" /><testcase classname="tests.test_customers" name="test_delete_requires_auth" time="0.102" /><testcase classname="tests.test_customers" name="test_customer_full_crud" time="1.091" /><testcase classname="tests.test_page_content" name="test_delete_out_of_range_returns_400" time="0.093" /><testcase classname="tests.test_page_content" name="test_post_list_bad_section_returns_400" time="0.099" /><testcase classname="tests.test_page_content" name="test_regression_content_site" time="0.096" /><testcase classname="tests.test_page_content" name="test_regression_content_about" time="0.132" /><testcase classname="tests.test_map_coords.TestContentSiteMapCoords" name="test_put_get_site_map_coords" time="0.237" /><testcase classname="tests.test_map_coords.TestPageContactMapCoords" name="test_put_get_contact_map_coords" time="0.011" /><testcase classname="tests.test_customers" name="test_cleanup_all_testcust" time="0.111" /><testcase classname="tests.test_map_coords.TestPropertyMapCoords" name="test_create_property_with_coords" time="0.242" /><testcase classname="tests.test_map_coords.TestPropertyMapCoords" name="test_create_property_without_coords_defaults_none" time="0.006" /></testsuite></testsuites>