<?xml version="1.0" encoding="utf-8"?><testsuites name="pytest tests"><testsuite name="pytest" errors="20" failures="24" skipped="0" tests="250" time="111.358" timestamp="2026-08-20T08:58:30.294118+00:00" hostname="agent-env-a0e2867f-6e81-4b33-87e8-c1fb64962a56"><testcase classname="" name="tests.test_lead_convert" time="0.000"><error message="collection failure">E   KeyError: 'REACT_APP_BACKEND_URL'</error><error message="collection failure">E   KeyError: 'REACT_APP_BACKEND_URL'</error></testcase><testcase classname="" name="tests.test_locations" time="0.000"><error message="collection failure">E   AttributeError: 'NoneType' object has no attribute 'rstrip'</error><error message="collection failure">E   AttributeError: 'NoneType' object has no attribute 'rstrip'</error></testcase><testcase classname="" name="tests.test_p3_integrated_property" time="0.000"><error message="collection failure">E   KeyError: 'JWT_SECRET'</error><error message="collection failure">E   KeyError: 'JWT_SECRET'</error></testcase><testcase classname="tests.backend_test" name="test_health" time="0.162" /><testcase classname="tests.test_iter26_communications" name="test_root_ok" time="0.180" /><testcase classname="tests.backend_test" name="test_login_wrong_password" time="0.150" /><testcase classname="tests.backend_test" name="test_auth_me" time="0.278"><error message="failed on setup with &quot;AssertionError: {&quot;detail&quot;:&quot;Invalid email or password&quot;}&#10;assert 401 == 200&#10; +  where 401 = &lt;Response [401]&gt;.status_code&quot;">E   AssertionError: {"detail":"Invalid email or password"}
    assert 401 == 200
     +  where 401 = &lt;Response [401]&gt;.status_code</error></testcase><testcase classname="tests.backend_test" name="test_auth_me_no_token" time="0.123" /><testcase classname="tests.test_iter26_communications" name="test_auth_me" time="0.589" /><testcase classname="tests.backend_test" name="test_list_properties" time="0.109"><failure message="assert (True and 0 &gt;= 1)&#10; +  where True = isinstance([], list)&#10; +  and   0 = len([])">E   assert (True and 0 &gt;= 1)
     +  where True = isinstance([], list)
     +  and   0 = len([])</failure></testcase><testcase classname="tests.test_iter26_communications" name="test_regression_endpoints_authed[/api/users]" time="0.151" /><testcase classname="tests.backend_test" name="test_properties_featured_filter" time="0.168" /><testcase classname="tests.test_iter26_communications" name="test_regression_endpoints_authed[/api/properties]" time="0.156" /><testcase classname="tests.backend_test" name="test_properties_listing_type_filter" time="0.137" /><testcase classname="tests.test_iter26_communications" name="test_regression_endpoints_authed[/api/property-types]" time="0.122" /><testcase classname="tests.backend_test" name="test_property_detail_and_404" time="0.114"><failure message="IndexError: list index out of range">E   IndexError: list index out of range</failure></testcase><testcase classname="tests.test_iter26_communications" name="test_regression_endpoints_authed[/api/customers]" time="0.133" /><testcase classname="tests.backend_test" name="test_public_lead_sell_form" time="0.000"><error message="failed on setup with &quot;AssertionError: {&quot;detail&quot;:&quot;Invalid email or password&quot;}&#10;assert 401 == 200&#10; +  where 401 = &lt;Response [401]&gt;.status_code&quot;">E   AssertionError: {"detail":"Invalid email or password"}
    assert 401 == 200
     +  where 401 = &lt;Response [401]&gt;.status_code</error></testcase><testcase classname="tests.backend_test" name="test_public_lead_wanted_creates_requirement" time="0.000"><error message="failed on setup with &quot;AssertionError: {&quot;detail&quot;:&quot;Invalid email or password&quot;}&#10;assert 401 == 200&#10; +  where 401 = &lt;Response [401]&gt;.status_code&quot;">E   AssertionError: {"detail":"Invalid email or password"}
    assert 401 == 200
     +  where 401 = &lt;Response [401]&gt;.status_code</error></testcase><testcase classname="tests.backend_test" name="test_public_inspection" time="0.000"><error message="failed on setup with &quot;AssertionError: {&quot;detail&quot;:&quot;Invalid email or password&quot;}&#10;assert 401 == 200&#10; +  where 401 = &lt;Response [401]&gt;.status_code&quot;">E   AssertionError: {"detail":"Invalid email or password"}
    assert 401 == 200
     +  where 401 = &lt;Response [401]&gt;.status_code</error></testcase><testcase classname="tests.backend_test" name="test_public_inspection_bad_property" time="0.136"><failure message="assert 400 == 404&#10; +  where 400 = &lt;Response [400]&gt;.status_code">E   assert 400 == 404
     +  where 400 = &lt;Response [400]&gt;.status_code</failure></testcase><testcase classname="tests.test_iter26_communications" name="test_regression_endpoints_authed[/api/requirements]" time="0.140" /><testcase classname="tests.backend_test" name="test_public_requirements_no_pii" time="0.144" /><testcase classname="tests.test_iter26_communications" name="test_regression_endpoints_authed[/api/leads]" time="0.150" /><testcase classname="tests.backend_test" name="test_list_leads_customers_inspections" time="0.000"><error message="failed on setup with &quot;AssertionError: {&quot;detail&quot;:&quot;Invalid email or password&quot;}&#10;assert 401 == 200&#10; +  where 401 = &lt;Response [401]&gt;.status_code&quot;">E   AssertionError: {"detail":"Invalid email or password"}
    assert 401 == 200
     +  where 401 = &lt;Response [401]&gt;.status_code</error></testcase><testcase classname="tests.backend_test" name="test_lead_status_persist" time="0.000"><error message="failed on setup with &quot;AssertionError: {&quot;detail&quot;:&quot;Invalid email or password&quot;}&#10;assert 401 == 200&#10; +  where 401 = &lt;Response [401]&gt;.status_code&quot;">E   AssertionError: {"detail":"Invalid email or password"}
    assert 401 == 200
     +  where 401 = &lt;Response [401]&gt;.status_code</error></testcase><testcase classname="tests.backend_test" name="test_tasks_crud" time="0.000"><error message="failed on setup with &quot;AssertionError: {&quot;detail&quot;:&quot;Invalid email or password&quot;}&#10;assert 401 == 200&#10; +  where 401 = &lt;Response [401]&gt;.status_code&quot;">E   AssertionError: {"detail":"Invalid email or password"}
    assert 401 == 200
     +  where 401 = &lt;Response [401]&gt;.status_code</error></testcase><testcase classname="tests.backend_test" name="test_matching" time="0.000"><error message="failed on setup with &quot;AssertionError: {&quot;detail&quot;:&quot;Invalid email or password&quot;}&#10;assert 401 == 200&#10; +  where 401 = &lt;Response [401]&gt;.status_code&quot;">E   AssertionError: {"detail":"Invalid email or password"}
    assert 401 == 200
     +  where 401 = &lt;Response [401]&gt;.status_code</error></testcase><testcase classname="tests.backend_test" name="test_property_crud" time="0.000"><error message="failed on setup with &quot;AssertionError: {&quot;detail&quot;:&quot;Invalid email or password&quot;}&#10;assert 401 == 200&#10; +  where 401 = &lt;Response [401]&gt;.status_code&quot;">E   AssertionError: {"detail":"Invalid email or password"}
    assert 401 == 200
     +  where 401 = &lt;Response [401]&gt;.status_code</error></testcase><testcase classname="tests.backend_test" name="test_users_list" time="0.000"><error message="failed on setup with &quot;AssertionError: {&quot;detail&quot;:&quot;Invalid email or password&quot;}&#10;assert 401 == 200&#10; +  where 401 = &lt;Response [401]&gt;.status_code&quot;">E   AssertionError: {"detail":"Invalid email or password"}
    assert 401 == 200
     +  where 401 = &lt;Response [401]&gt;.status_code</error></testcase><testcase classname="tests.backend_test" name="test_users_create_admin_only" time="0.000"><error message="failed on setup with &quot;AssertionError: {&quot;detail&quot;:&quot;Invalid email or password&quot;}&#10;assert 401 == 200&#10; +  where 401 = &lt;Response [401]&gt;.status_code&quot;">E   AssertionError: {"detail":"Invalid email or password"}
    assert 401 == 200
     +  where 401 = &lt;Response [401]&gt;.status_code</error></testcase><testcase classname="tests.backend_test" name="test_content_site_get_and_update" time="0.000"><error message="failed on setup with &quot;AssertionError: {&quot;detail&quot;:&quot;Invalid email or password&quot;}&#10;assert 401 == 200&#10; +  where 401 = &lt;Response [401]&gt;.status_code&quot;">E   AssertionError: {"detail":"Invalid email or password"}
    assert 401 == 200
     +  where 401 = &lt;Response [401]&gt;.status_code</error></testcase><testcase classname="tests.backend_test" name="test_reports_summary" time="0.000"><error message="failed on setup with &quot;AssertionError: {&quot;detail&quot;:&quot;Invalid email or password&quot;}&#10;assert 401 == 200&#10; +  where 401 = &lt;Response [401]&gt;.status_code&quot;">E   AssertionError: {"detail":"Invalid email or password"}
    assert 401 == 200
     +  where 401 = &lt;Response [401]&gt;.status_code</error></testcase><testcase classname="tests.backend_test" name="test_reports_leads_by_source" time="0.000"><error message="failed on setup with &quot;AssertionError: {&quot;detail&quot;:&quot;Invalid email or password&quot;}&#10;assert 401 == 200&#10; +  where 401 = &lt;Response [401]&gt;.status_code&quot;">E   AssertionError: {"detail":"Invalid email or password"}
    assert 401 == 200
     +  where 401 = &lt;Response [401]&gt;.status_code</error></testcase><testcase classname="tests.test_page_content" name="test_get_page_all_slugs[home]" time="0.129" /><testcase classname="tests.test_iter26_communications" name="test_regression_endpoints_authed[/api/inspections]" time="0.115" /><testcase classname="tests.test_page_content" name="test_get_page_all_slugs[about]" time="0.149" /><testcase classname="tests.test_iter26_communications" name="test_regression_endpoints_authed[/api/tasks]" time="0.122" /><testcase classname="tests.test_page_content" name="test_get_page_all_slugs[sell]" time="0.144" /><testcase classname="tests.test_iter26_communications" name="test_regression_endpoints_authed[/api/notifications]" time="0.145" /><testcase classname="tests.test_page_content" name="test_get_page_all_slugs[buy]" time="0.136" /><testcase classname="tests.test_iter26_communications" name="test_regression_endpoints_authed[/api/reports/summary]" time="0.195" /><testcase classname="tests.test_page_content" name="test_get_page_all_slugs[rent]" time="0.309" /><testcase classname="tests.test_iter26_communications" name="test_regression_endpoints_authed[/api/reports/leads_by_source]" time="0.122" /><testcase classname="tests.test_iter26_communications" name="test_regression_endpoints_authed[/api/locations/provinces]" time="0.113" /><testcase classname="tests.test_page_content" name="test_get_page_all_slugs[wanted]" time="0.222" /><testcase classname="tests.test_iter26_communications" name="test_regression_endpoints_authed[/api/locations/cities]" time="0.138" /><testcase classname="tests.test_iter26_communications" name="test_regression_endpoints_authed[/api/locations/suburbs]" time="0.127" /><testcase classname="tests.test_page_content" name="test_get_page_all_slugs[management]" time="0.122" /><testcase classname="tests.test_iter26_communications" name="test_public_captcha" time="0.156" /><testcase classname="tests.test_page_content" name="test_get_page_all_slugs[corporate]" time="0.126" /><testcase classname="tests.test_iter26_communications" name="test_property_scheme_enforcement" time="0.398" /><testcase classname="tests.test_page_content" name="test_get_page_all_slugs[contact]" time="0.115" /><testcase classname="tests.test_page_content" name="test_get_page_all_slugs[legal_privacy]" time="0.115" /><testcase classname="tests.test_page_content" name="test_get_page_all_slugs[legal_terms]" time="0.194" /><testcase classname="tests.test_page_content" name="test_get_page_nonexistent_returns_404" time="0.149" /><testcase classname="tests.test_iter26_communications" name="test_customer_comms_empty" time="0.320" /><testcase classname="tests.test_page_content" name="test_put_page_without_auth_returns_401" time="0.124" /><testcase classname="tests.test_iter26_communications" name="test_customer_comm_create" time="0.292" /><testcase classname="tests.test_page_content" name="test_post_list_without_auth_returns_401" time="0.183" /><testcase classname="tests.test_page_content" name="test_delete_list_without_auth_returns_401" time="0.127" /><testcase classname="tests.test_iter26_communications" name="test_customer_comm_invalid_customer_404" time="0.132" /><testcase classname="tests.test_iter26_communications" name="test_customer_comm_empty_body_400" time="0.294" /><testcase classname="tests.test_page_content" name="test_put_about_partial_mission_preserves_defaults" time="0.873" /><testcase classname="tests.test_iter26_communications" name="test_delete_customer_comm" time="0.439" /><testcase classname="tests.test_page_content" name="test_team_list_append_and_delete" time="0.686" /><testcase classname="tests.test_iter26_communications" name="test_lead_comm_backward_compat" time="0.591" /><testcase classname="tests.test_iter26_communications" name="test_lead_comm_legacy_fallback" time="0.263" /><testcase classname="tests.test_page_content" name="test_delete_out_of_range_returns_400" time="0.133" /><testcase classname="tests.test_iter26_communications" name="test_customer_delete_cascade" time="0.192"><failure message="KeyError: 'id'">E   KeyError: 'id'</failure></testcase><testcase classname="tests.test_page_content" name="test_post_list_bad_section_returns_400" time="0.129" /><testcase classname="tests.test_page_content" name="test_regression_content_site" time="0.124" /><testcase classname="tests.test_iter26_communications" name="test_lead_delete_cascade" time="1.164" /><testcase classname="tests.test_page_content" name="test_regression_content_about" time="0.116" /><testcase classname="tests.test_iter28_screen_matrix.TestSidebarScreens" name="test_endpoint_ok[properties]" time="0.552" /><testcase classname="tests.test_iter28_screen_matrix.TestSidebarScreens" name="test_endpoint_ok[customers]" time="0.135" /><testcase classname="tests.test_iter28_screen_matrix.TestSidebarScreens" name="test_endpoint_ok[leads]" time="0.071" /><testcase classname="tests.test_iter28_screen_matrix.TestSidebarScreens" name="test_endpoint_ok[requirements]" time="0.098" /><testcase classname="tests.test_iter28_screen_matrix.TestSidebarScreens" name="test_endpoint_ok[inspections]" time="0.067" /><testcase classname="tests.test_iter28_screen_matrix.TestSidebarScreens" name="test_endpoint_ok[tasks]" time="0.109" /><testcase classname="tests.test_iter26_communications" name="test_customer_vs_lead_isolation" time="0.838" /><testcase classname="tests.test_iter28_screen_matrix.TestSidebarScreens" name="test_endpoint_ok[users]" time="0.069" /><testcase classname="tests.test_iter28_screen_matrix.TestSidebarScreens" name="test_endpoint_ok[locations/provinces]" time="0.071" /><testcase classname="tests.test_iter28_screen_matrix.TestSidebarScreens" name="test_endpoint_ok[locations/cities]" time="0.069" /><testcase classname="tests.test_iter28_screen_matrix.TestSidebarScreens" name="test_endpoint_ok[locations/suburbs]" time="0.063" /><testcase classname="tests.test_iter28_screen_matrix.TestSidebarScreens" name="test_endpoint_ok[property-types]" time="0.110" /><testcase classname="tests.test_iter28_screen_matrix.TestSidebarScreens" name="test_endpoint_ok[notifications]" time="0.070" /><testcase classname="tests.test_iter28_screen_matrix.TestSidebarScreens" name="test_endpoint_ok[reports/summary]" time="0.073" /><testcase classname="tests.test_iter28_screen_matrix.TestSidebarScreens" name="test_endpoint_ok[reports/leads_by_source]" time="0.068" /><testcase classname="tests.test_iter28_screen_matrix.TestSidebarScreens" name="test_endpoint_ok[admin/market/listings]" time="0.113" /><testcase classname="tests.test_iter28_screen_matrix.TestSidebarScreens" name="test_endpoint_ok[admin/market/summary]" time="0.066" /><testcase classname="tests.test_iter28_screen_matrix.TestSidebarScreens" name="test_endpoint_ok[admin/market/sources]" time="0.070" /><testcase classname="tests.test_iter28_screen_matrix.TestSidebarScreens" name="test_endpoint_ok[admin/market/match-reviews]" time="0.324" /><testcase classname="tests.test_iter28_screen_matrix.TestSidebarScreens" name="test_market_summary_shape" time="0.068" /><testcase classname="tests.test_iter27_validation_and_csv.TestRegression" name="test_get_ok[/]" time="0.522" /><testcase classname="tests.test_iter28_screen_matrix.TestSidebarScreens" name="test_property_list_matches_summary_count" time="0.183"><failure message="AssertionError: dashboard says 9 active properties but GET /api/properties?status=active returns 0&#10;assert 0 == 9&#10; +  where 0 = len([])">E   AssertionError: dashboard says 9 active properties but GET /api/properties?status=active returns 0
    assert 0 == 9
     +  where 0 = len([])</failure></testcase><testcase classname="tests.test_iter27_validation_and_csv.TestRegression" name="test_get_ok[/auth/me]" time="0.053" /><testcase classname="tests.test_iter27_validation_and_csv.TestRegression" name="test_get_ok[/users]" time="0.067" /><testcase classname="tests.test_iter27_validation_and_csv.TestRegression" name="test_get_ok[/properties]" time="0.064" /><testcase classname="tests.test_property_types_refactor" name="test_get_property_types_public_returns_defaults" time="0.130" /><testcase classname="tests.test_iter27_validation_and_csv.TestRegression" name="test_get_ok[/property-types]" time="0.065" /><testcase classname="tests.test_iter27_validation_and_csv.TestRegression" name="test_get_ok[/customers]" time="0.070" /><testcase classname="tests.test_iter27_validation_and_csv.TestRegression" name="test_get_ok[/requirements]" time="0.317" /><testcase classname="tests.test_property_types_refactor" name="test_create_property_type_unique_and_duplicate_409" time="0.892" /><testcase classname="tests.test_iter27_validation_and_csv.TestRegression" name="test_get_ok[/leads]" time="0.060" /><testcase classname="tests.test_iter27_validation_and_csv.TestRegression" name="test_get_ok[/inspections]" time="0.063" /><testcase classname="tests.test_iter27_validation_and_csv.TestRegression" name="test_get_ok[/tasks]" time="0.063" /><testcase classname="tests.test_iter27_validation_and_csv.TestRegression" name="test_get_ok[/notifications]" time="0.068" /><testcase classname="tests.test_iter27_validation_and_csv.TestRegression" name="test_get_ok[/reports/summary]" time="0.066" /><testcase classname="tests.test_iter27_validation_and_csv.TestRegression" name="test_get_ok[/reports/leads_by_source]" time="0.065" /><testcase classname="tests.test_iter27_validation_and_csv.TestRegression" name="test_get_ok[/locations/provinces]" time="0.055" /><testcase classname="tests.test_iter27_validation_and_csv.TestRegression" name="test_public_challenge" time="0.149" /><testcase classname="tests.test_property_types_refactor" name="test_delete_property_type_requires_auth" time="0.113" /><testcase classname="tests.test_property_types_refactor" name="test_create_property_house_missing_allotment_returns_400" time="0.378" /><testcase classname="tests.test_property_types_refactor" name="test_create_property_portion_missing_full_portion_returns_400" time="0.167" /><testcase classname="tests.test_iter29_regressions" name="test_staff_login[director@trel.com.pg-managing_director]" time="0.890" /><testcase classname="tests.test_property_types_refactor" name="test_create_property_sale_missing_total_area_ha_returns_400" time="0.277" /><testcase classname="tests.test_property_types_refactor" name="test_create_property_house_success_wipes_portion" time="0.149"><failure message="AssertionError: {&quot;detail&quot;:&quot;Owner name is required&quot;}&#10;assert 400 == 200&#10; +  where 400 = &lt;Response [400]&gt;.status_code">E   AssertionError: {"detail":"Owner name is required"}
    assert 400 == 200
     +  where 400 = &lt;Response [400]&gt;.status_code</failure></testcase><testcase classname="tests.test_iter29_regressions" name="test_staff_login[sales@trel.com.pg-sales_agent]" time="0.435" /><testcase classname="tests.test_property_types_refactor" name="test_create_property_portion_success_wipes_lot_fields" time="0.287"><failure message="AssertionError: {&quot;detail&quot;:&quot;District is required for portion/customary property&quot;}&#10;assert 400 == 200&#10; +  where 400 = &lt;Response [400]&gt;.status_code">E   AssertionError: {"detail":"District is required for portion/customary property"}
    assert 400 == 200
     +  where 400 = &lt;Response [400]&gt;.status_code</failure></testcase><testcase classname="tests.test_property_types_refactor" name="test_put_property_scheme_change_lot_to_portion" time="0.116"><failure message="assert 400 == 200&#10; +  where 400 = &lt;Response [400]&gt;.status_code">E   assert 400 == 200
     +  where 400 = &lt;Response [400]&gt;.status_code</failure></testcase><testcase classname="tests.test_iter29_regressions" name="test_staff_login[leasing@trel.com.pg-leasing_agent]" time="0.417" /><testcase classname="tests.test_property_types_refactor" name="test_put_property_strips_legacy_land_category" time="0.301"><failure message="assert 400 == 200&#10; +  where 400 = &lt;Response [400]&gt;.status_code">E   assert 400 == 200
     +  where 400 = &lt;Response [400]&gt;.status_code</failure></testcase><testcase classname="tests.test_property_types_refactor" name="test_ai_price_analysis_with_street_and_landmark" time="44.652" /><testcase classname="tests.test_iter29_regressions" name="test_staff_login[marketing@trel.com.pg-marketing_officer]" time="68.790" /><testcase classname="tests.test_property_types_refactor" name="test_zzz_cleanup" time="0.000" /><testcase classname="tests.test_iter28_screen_matrix.TestLogin" name="test_health" time="0.056" /><testcase classname="tests.test_iter28_screen_matrix.TestLogin" name="test_admin_login_workspace" time="0.320" /><testcase classname="tests.test_iter28_screen_matrix.TestLogin" name="test_staff_login[director@trel.com.pg-Password@123-managing_director]" time="0.305" /><testcase classname="tests.test_iter28_screen_matrix.TestLogin" name="test_staff_login[sales@trel.com.pg-Password@123-sales_agent]" time="0.299" /><testcase classname="tests.test_iter28_screen_matrix.TestLogin" name="test_staff_login[leasing@trel.com.pg-Password@123-leasing_agent]" time="0.314" /><testcase classname="tests.test_iter28_screen_matrix.TestLogin" name="test_staff_login[marketing@trel.com.pg-Password@123-marketing_officer]" time="0.315" /><testcase classname="tests.test_iter28_screen_matrix.TestLogin" name="test_bad_password_rejected" time="0.313" /><testcase classname="tests.test_iter28_screen_matrix.TestLogin" name="test_me" time="0.072" /><testcase classname="tests.test_iter28_screen_matrix.TestLogin" name="test_bcrypt_hash_format" time="0.070" /><testcase classname="tests.test_captcha" name="test_challenge_shape" time="0.205" /><testcase classname="tests.test_captcha" name="test_challenge_uniqueness" time="0.352" /><testcase classname="tests.test_captcha" name="test_public_lead_correct_captcha_uppercase" time="0.296" /><testcase classname="tests.test_captcha" name="test_public_lead_correct_captcha_lowercase" time="0.212" /><testcase classname="tests.test_captcha" name="test_public_lead_wrong_captcha" time="0.282" /><testcase classname="tests.test_captcha" name="test_public_lead_honeypot" time="0.248" /><testcase classname="tests.test_captcha" name="test_public_inspection_with_captcha" time="0.120"><failure message="assert []">E   assert []</failure></testcase><testcase classname="tests.test_captcha" name="test_admin_login_regression" time="0.504" /><testcase classname="tests.test_iter27_validation_and_csv.TestPropertyValidation" name="test_missing_province_400" time="0.498" /><testcase classname="tests.test_iter27_validation_and_csv.TestPropertyValidation" name="test_missing_suburb_400" time="0.064" /><testcase classname="tests.test_iter27_validation_and_csv.TestPropertyValidation" name="test_missing_listing_type" time="0.071" /><testcase classname="tests.test_iter27_validation_and_csv.TestPropertyValidation" name="test_price_zero_400" time="0.068" /><testcase classname="tests.test_iter27_validation_and_csv.TestPropertyValidation" name="test_house_missing_allotment_400" time="0.072" /><testcase classname="tests.test_iter27_validation_and_csv.TestPropertyValidation" name="test_portion_missing_portion_number_400" time="0.061" /><testcase classname="tests.test_iter27_validation_and_csv.TestPropertyValidation" name="test_sale_missing_total_area_ha_400" time="0.072" /><testcase classname="tests.test_iter27_validation_and_csv.TestPropertyValidation" name="test_valid_property_persists" time="0.065"><failure message="AssertionError: {&quot;detail&quot;:&quot;Owner name is required&quot;}&#10;assert 400 == 200&#10; +  where 400 = &lt;Response [400]&gt;.status_code">E   AssertionError: {"detail":"Owner name is required"}
    assert 400 == 200
     +  where 400 = &lt;Response [400]&gt;.status_code</failure></testcase><testcase classname="tests.test_iter28_screen_matrix.TestPropertyWritePath" name="test_create_house_and_read_back" time="0.362" /><testcase classname="tests.test_iter28_screen_matrix.TestPropertyWritePath" name="test_created_property_appears_in_list" time="0.069"><failure message="AssertionError: newly created property is not returned by GET /api/properties&#10;assert False&#10; +  where False = any(&lt;generator object TestPropertyWritePath.test_created_property_appears_in_list.&lt;locals&gt;.&lt;genexpr&gt; at 0xff52e6343220&gt;)">E   AssertionError: newly created property is not returned by GET /api/properties
    assert False
     +  where False = any(&lt;generator object TestPropertyWritePath.test_created_property_appears_in_list.&lt;locals&gt;.&lt;genexpr&gt; at 0xff52e6343220&gt;)</failure></testcase><testcase classname="tests.test_iter28_screen_matrix.TestPropertyWritePath" name="test_update_price_persists" time="0.185" /><testcase classname="tests.test_iter28_screen_matrix.TestPropertyWritePath" name="test_duplicate_check_no_match" time="0.077" /><testcase classname="tests.test_iter28_screen_matrix.TestPropertyWritePath" name="test_duplicate_check_detects_same_owner_same_parcel" time="0.068" /><testcase classname="tests.test_iter28_screen_matrix.TestPropertyWritePath" name="test_create_duplicate_blocked_409" time="0.080" /><testcase classname="tests.test_iter28_screen_matrix.TestPropertyWritePath" name="test_duplicate_override_allows_create" time="0.098" /><testcase classname="tests.test_iter28_screen_matrix.TestPropertyWritePath" name="test_delete_withdraws_property" time="0.233" /><testcase classname="tests.test_iter28_screen_matrix.TestPropertyValidation" name="test_customary_requires_portion_number" time="0.135" /><testcase classname="tests.test_iter28_screen_matrix.TestPropertyValidation" name="test_customary_requires_district" time="0.075" /><testcase classname="tests.test_iter28_screen_matrix.TestPropertyValidation" name="test_customary_land_create_with_district" time="0.082" /><testcase classname="tests.test_iter28_screen_matrix.TestPropertyValidation" name="test_missing_owner_name_rejected" time="0.081" /><testcase classname="tests.test_iter28_screen_matrix.TestPropertyValidation" name="test_active_requires_verified_authority" time="0.071" /><testcase classname="tests.test_iter28_screen_matrix.TestPropertyValidation" name="test_zero_price_rejected" time="0.065" /><testcase classname="tests.test_iter28_screen_matrix.TestPropertyValidation" name="test_unauthenticated_create_rejected" time="0.135" /><testcase classname="tests.test_iter28_screen_matrix.TestPropertyValidation" name="test_get_unknown_property_404" time="0.072" /><testcase classname="tests.test_ai_price_analysis" name="test_price_analysis_valid_sale" time="3.557" /><testcase classname="tests.test_ai_price_analysis" name="test_price_analysis_valid_rent" time="3.046" /><testcase classname="tests.test_ai_price_analysis" name="test_price_analysis_zero_price_400" time="0.177" /><testcase classname="tests.test_ai_price_analysis" name="test_price_analysis_missing_location_400" time="0.123" /><testcase classname="tests.test_ai_price_analysis" name="test_price_analysis_missing_required_422" time="0.138" /><testcase classname="tests.test_ai_price_analysis" name="test_price_analysis_no_agent_or_id_in_comparables" time="3.648" /><testcase classname="tests.test_customers" name="test_list_customers_requires_auth" time="0.102" /><testcase classname="tests.test_customers" name="test_post_requires_auth" time="0.145" /><testcase classname="tests.test_customers" name="test_put_requires_auth" time="0.131" /><testcase classname="tests.test_customers" name="test_delete_requires_auth" time="0.122" /><testcase classname="tests.test_customers" name="test_customer_full_crud" time="1.243" /><testcase classname="tests.test_customers" name="test_cleanup_all_testcust" time="0.108" /><testcase classname="tests.test_iter27_validation_and_csv.TestCsvImport" name="test_customers_missing_headers_400" time="0.122" /><testcase classname="tests.test_iter27_validation_and_csv.TestCsvImport" name="test_non_csv_file_400" time="0.121" /><testcase classname="tests.test_iter27_validation_and_csv.TestCsvImport" name="test_customers_mixed_valid_invalid" time="0.219" /><testcase classname="tests.test_iter27_validation_and_csv.TestCsvImport" name="test_properties_mixed" time="0.127"><failure message="AssertionError: {'inserted': 0, 'skipped': [], 'errors': [{'row': 2, 'reason': 'Owner name is required'}, {'row': 3, 'reason': 'District is required for portion/customary property'}, {'row': 4, 'reason': 'Price must be greater than zero'}], 'received': 3}&#10;assert 0 == 2">E   AssertionError: {'inserted': 0, 'skipped': [], 'errors': [{'row': 2, 'reason': 'Owner name is required'}, {'row': 3, 'reason': 'District is required for portion/customary property'}, {'row': 4, 'reason': 'Price must be greater than zero'}], 'received': 3}
    assert 0 == 2</failure></testcase><testcase classname="tests.test_iter27_validation_and_csv.TestCsvImport" name="test_properties_duplicate_id_skipped" time="0.057"><failure message="assert 400 == 200&#10; +  where 400 = &lt;Response [400]&gt;.status_code">E   assert 400 == 200
     +  where 400 = &lt;Response [400]&gt;.status_code</failure></testcase><testcase classname="tests.test_iter27_validation_and_csv.TestCsvImport" name="test_properties_missing_suburb_value" time="0.125" /><testcase classname="tests.test_iter29_regressions" name="test_duplicate_check_accepts_empty_tenure" time="0.094" /><testcase classname="tests.test_iter29_regressions" name="test_create_active_and_read_path" time="0.572" /><testcase classname="tests.test_iter29_regressions" name="test_draft_visible_with_status_filter" time="0.470" /><testcase classname="tests.test_iter29_regressions" name="test_duplicate_blocked_then_override" time="0.258" /><testcase classname="tests.test_iter29_regressions" name="test_same_parcel_different_owner_not_duplicate" time="0.149" /><testcase classname="tests.test_iter29_regressions" name="test_customary_requires_district" time="0.224" /><testcase classname="tests.test_iter29_regressions" name="test_market_evidence_endpoints" time="0.295" /><testcase classname="tests.test_p3_market_property_link" name="test_market_link_schema_is_explicit_and_indexed" time="0.000" /><testcase classname="tests.test_p3_market_property_link" name="test_market_normalization_business_rules" time="0.000" /><testcase classname="tests.test_p3_market_property_link" name="test_external_observation_links_to_advertised_master_and_preserves_history" time="0.001" /><testcase classname="tests.test_p3_market_property_link" name="test_missing_owner_requires_review_before_linking" time="0.001" /><testcase classname="tests.test_p3_market_property_link" name="test_trel_owned_observation_is_not_an_independent_comparable" time="0.000" /><testcase classname="tests.test_collectors_common" name="test_strict_price_rejection_survives_other_numbers" time="0.000" /><testcase classname="tests.test_collectors_common" name="test_area_accepts_values_below_price_floor" time="0.000" /><testcase classname="tests.test_collectors_common" name="test_rent_period_is_source_derived" time="0.000" /><testcase classname="tests.test_collectors_common" name="test_hausples_detail_enrichment" time="0.060" /><testcase classname="tests.test_iter24_lock_and_legal.TestLeadLock" name="test_put_converted_auto_stamps_lock_fields" time="0.739"><failure message="AssertionError: {&quot;detail&quot;:&quot;Province is required&quot;}&#10;assert 400 == 200&#10; +  where 400 = &lt;Response [400]&gt;.status_code">E   AssertionError: {"detail":"Province is required"}
    assert 400 == 200
     +  where 400 = &lt;Response [400]&gt;.status_code</failure></testcase><testcase classname="tests.test_iter24_lock_and_legal.TestLeadLock" name="test_put_locked_lead_returns_409" time="0.000"><failure message="assert None">E   assert None</failure></testcase><testcase classname="tests.test_iter24_lock_and_legal.TestLeadLock" name="test_delete_locked_lead_returns_409_and_persists" time="0.000"><failure message="assert None">E   assert None</failure></testcase><testcase classname="tests.test_iter24_lock_and_legal.TestLeadLock" name="test_cleanup_stub_property" time="0.000" /><testcase classname="tests.test_iter27_validation_and_csv.TestCustomerValidation" name="test_missing_email_400" time="0.063" /><testcase classname="tests.test_iter27_validation_and_csv.TestCustomerValidation" name="test_missing_phone_400" time="0.065" /><testcase classname="tests.test_iter27_validation_and_csv.TestCustomerValidation" name="test_invalid_customer_type_400" time="0.055" /><testcase classname="tests.test_iter27_validation_and_csv.TestCustomerValidation" name="test_valid_customer_and_partial_update" time="0.129" /><testcase classname="tests.test_iter27_validation_and_csv.TestCsvSchema" name="test_properties_schema" time="0.070" /><testcase classname="tests.test_iter27_validation_and_csv.TestCsvSchema" name="test_customers_schema" time="0.070" /><testcase classname="tests.test_iter27_validation_and_csv.TestCsvSchema" name="test_properties_template" time="0.063" /><testcase classname="tests.test_iter27_validation_and_csv.TestCsvSchema" name="test_customers_template" time="0.055" /><testcase classname="tests.test_iter28_screen_matrix.TestPublic" name="test_public_get[properties?status=active&amp;limit=6]" time="0.538" /><testcase classname="tests.test_iter28_screen_matrix.TestPublic" name="test_public_get[properties?featured=true]" time="0.070" /><testcase classname="tests.test_iter28_screen_matrix.TestPublic" name="test_public_get[public/challenge]" time="0.067" /><testcase classname="tests.test_iter28_screen_matrix.TestPublic" name="test_public_get[page-content/home]" time="0.068" /><testcase classname="tests.test_schema_extension" name="test_schema_plan_is_stable_and_unique" time="0.002" /><testcase classname="tests.test_schema_extension" name="test_legacy_collections_are_retained_in_physical_plan" time="0.000" /><testcase classname="tests.test_schema_extension" name="test_control_collections_have_specific_validators" time="0.001" /><testcase classname="tests.test_schema_extension" name="test_canonical_address_partial_index_is_atlas_compatible" time="0.000" /><testcase classname="tests.test_iter28_screen_matrix.TestAuthHardening" name="test_login_sets_httponly_cookie" time="0.363" /><testcase classname="tests.test_iter28_screen_matrix.TestAuthHardening" name="test_cors_allows_credentials_with_explicit_origin" time="0.102"><failure message="AssertionError: CORS must echo an explicit origin and allow credentials for cookie auth; got origin='*' credentials=None&#10;assert ('*' == 'https://req-...gentagent.com'&#10;  &#10;  - https://req-to-web-1.preview.emergentagent.com&#10;  + *)">E   AssertionError: CORS must echo an explicit origin and allow credentials for cookie auth; got origin='*' credentials=None
    assert ('*' == 'https://req-...gentagent.com'
      
      - https://req-to-web-1.preview.emergentagent.com
      + *)</failure></testcase><testcase classname="tests.test_iter28_screen_matrix.TestAuthHardening" name="test_brute_force_lockout_after_five_failures" time="2.333"><failure message="AssertionError: no lockout after 6 failed logins; status codes=[401, 401, 401, 401, 401, 401]&#10;assert (429 in [401, 401, 401, 401, 401, 401] or 423 in [401, 401, 401, 401, 401, 401])">E   AssertionError: no lockout after 6 failed logins; status codes=[401, 401, 401, 401, 401, 401]
    assert (429 in [401, 401, 401, 401, 401, 401] or 423 in [401, 401, 401, 401, 401, 401])</failure></testcase><testcase classname="tests.test_property_backfill" name="test_stable_ids_are_repeatable_and_scoped" time="0.000" /><testcase classname="tests.test_property_backfill" name="test_transform_builds_integrated_property_graph" time="0.000" /><testcase classname="tests.test_property_backfill" name="test_dry_run_counts_valid_and_exception_records_without_writes" time="0.001" /><testcase classname="tests.test_sell_migration" name="test_sell_benefits_migrated" time="0.140" /><testcase classname="tests.test_sell_migration" name="test_sell_no_free_appraisal" time="0.121" /><testcase classname="tests.test_sell_migration" name="test_sell_hero_intro_uses_valuation" time="0.138" /><testcase classname="tests.test_iter24_lock_and_legal.TestPropertyLegalFields" name="test_create_and_get_persists_legal_fields" time="0.446"><failure message="AssertionError: {&quot;detail&quot;:&quot;Select an active Property Type&quot;}&#10;assert 400 == 200&#10; +  where 400 = &lt;Response [400]&gt;.status_code">E   AssertionError: {"detail":"Select an active Property Type"}
    assert 400 == 200
     +  where 400 = &lt;Response [400]&gt;.status_code</failure></testcase><testcase classname="tests.test_iter24_lock_and_legal.TestPropertyLegalFields" name="test_large_portion_variant" time="0.056"><failure message="AssertionError: {&quot;detail&quot;:&quot;Province is required&quot;}&#10;assert 400 == 200&#10; +  where 400 = &lt;Response [400]&gt;.status_code">E   AssertionError: {"detail":"Province is required"}
    assert 400 == 200
     +  where 400 = &lt;Response [400]&gt;.status_code</failure></testcase><testcase classname="tests.test_iter27_validation_and_csv.TestCsvExport" name="test_properties_export" time="0.063"><failure message="KeyError: 'id'">E   KeyError: 'id'</failure></testcase><testcase classname="tests.test_iter27_validation_and_csv.TestCsvExport" name="test_customers_export" time="0.075" /><testcase classname="tests.test_iter28_screen_matrix.TestUiPayloadContract" name="test_empty_tenure_type_from_ui_is_accepted" time="0.333" /><testcase classname="tests.test_iter28_screen_matrix.TestUiPayloadContract" name="test_null_tenure_type_accepted" time="0.069" /><testcase classname="tests.test_map_coords.TestPropertyMapCoords" name="test_create_property_with_coords" time="0.263"><failure message="AssertionError: {&quot;detail&quot;:&quot;Province is required&quot;}&#10;assert 400 == 200&#10; +  where 400 = &lt;Response [400]&gt;.status_code">E   AssertionError: {"detail":"Province is required"}
    assert 400 == 200
     +  where 400 = &lt;Response [400]&gt;.status_code</failure></testcase><testcase classname="tests.test_map_coords.TestPropertyMapCoords" name="test_create_property_without_coords_defaults_none" time="0.005"><failure message="AssertionError: {&quot;detail&quot;:&quot;Province is required&quot;}&#10;assert 400 == 200&#10; +  where 400 = &lt;Response [400]&gt;.status_code">E   AssertionError: {"detail":"Province is required"}
    assert 400 == 200
     +  where 400 = &lt;Response [400]&gt;.status_code</failure></testcase><testcase classname="tests.test_iter27_validation_and_csv.TestSeedProtection" name="test_admin_still_exists" time="0.199" /><testcase classname="tests.test_map_coords.TestContentSiteMapCoords" name="test_put_get_site_map_coords" time="0.275" /><testcase classname="tests.test_map_coords.TestPageContactMapCoords" name="test_put_get_contact_map_coords" time="0.497" /><testcase classname="tests.test_nearby_amenities" name="test_valid_schema" time="16.307" /><testcase classname="tests.test_nearby_amenities" name="test_categories_are_allowed_keys" time="0.000" /><testcase classname="tests.test_nearby_amenities" name="test_items_have_three_string_fields" time="0.000" /><testcase classname="tests.test_nearby_amenities" name="test_no_urls_phones_addresses_in_notes" time="0.000" /><testcase classname="tests.test_nearby_amenities" name="test_missing_city_and_suburb_returns_400" time="0.215" /><testcase classname="tests.test_nearby_amenities" name="test_only_city_works" time="17.383" /></testsuite></testsuites>