<?xml version="1.0" encoding="utf-8"?><testsuites name="pytest tests"><testsuite name="pytest" errors="0" failures="16" skipped="0" tests="54" time="7.163" timestamp="2026-08-20T08:41:13.883151+00:00" hostname="agent-env-a0e2867f-6e81-4b33-87e8-c1fb64962a56"><testcase classname="tests.test_iter28_screen_matrix.TestLogin" name="test_health" time="1.376" /><testcase classname="tests.test_iter28_screen_matrix.TestSidebarScreens" name="test_endpoint_ok[properties]" time="1.651" /><testcase classname="tests.test_iter28_screen_matrix.TestLogin" name="test_admin_login_workspace" time="0.288" /><testcase classname="tests.test_iter28_screen_matrix.TestSidebarScreens" name="test_endpoint_ok[customers]" time="0.068" /><testcase classname="tests.test_iter28_screen_matrix.TestLogin" name="test_staff_login[director@trel.com.pg-Password@123-managing_director]" time="0.290"><failure message="AssertionError: director@trel.com.pg -&gt; 401 {&quot;detail&quot;:&quot;Invalid email or password&quot;}&#10;assert 401 == 200&#10; +  where 401 = &lt;Response [401]&gt;.status_code">E   AssertionError: director@trel.com.pg -&gt; 401 {"detail":"Invalid email or password"}
    assert 401 == 200
     +  where 401 = &lt;Response [401]&gt;.status_code</failure></testcase><testcase classname="tests.test_iter28_screen_matrix.TestSidebarScreens" name="test_endpoint_ok[leads]" time="0.227" /><testcase classname="tests.test_iter28_screen_matrix.TestSidebarScreens" name="test_endpoint_ok[requirements]" time="0.051" /><testcase classname="tests.test_iter28_screen_matrix.TestLogin" name="test_staff_login[sales@trel.com.pg-Password@123-sales_agent]" time="0.294"><failure message="AssertionError: sales@trel.com.pg -&gt; 401 {&quot;detail&quot;:&quot;Invalid email or password&quot;}&#10;assert 401 == 200&#10; +  where 401 = &lt;Response [401]&gt;.status_code">E   AssertionError: sales@trel.com.pg -&gt; 401 {"detail":"Invalid email or password"}
    assert 401 == 200
     +  where 401 = &lt;Response [401]&gt;.status_code</failure></testcase><testcase classname="tests.test_iter28_screen_matrix.TestSidebarScreens" name="test_endpoint_ok[inspections]" time="0.224" /><testcase classname="tests.test_iter28_screen_matrix.TestSidebarScreens" name="test_endpoint_ok[tasks]" time="0.055" /><testcase classname="tests.test_iter28_screen_matrix.TestLogin" name="test_staff_login[leasing@trel.com.pg-Password@123-leasing_agent]" time="0.280"><failure message="AssertionError: leasing@trel.com.pg -&gt; 401 {&quot;detail&quot;:&quot;Invalid email or password&quot;}&#10;assert 401 == 200&#10; +  where 401 = &lt;Response [401]&gt;.status_code">E   AssertionError: leasing@trel.com.pg -&gt; 401 {"detail":"Invalid email or password"}
    assert 401 == 200
     +  where 401 = &lt;Response [401]&gt;.status_code</failure></testcase><testcase classname="tests.test_iter28_screen_matrix.TestSidebarScreens" name="test_endpoint_ok[users]" time="0.236" /><testcase classname="tests.test_iter28_screen_matrix.TestSidebarScreens" name="test_endpoint_ok[locations/provinces]" time="0.056" /><testcase classname="tests.test_iter28_screen_matrix.TestLogin" name="test_staff_login[marketing@trel.com.pg-Password@123-marketing_officer]" time="0.330"><failure message="AssertionError: marketing@trel.com.pg -&gt; 401 {&quot;detail&quot;:&quot;Invalid email or password&quot;}&#10;assert 401 == 200&#10; +  where 401 = &lt;Response [401]&gt;.status_code">E   AssertionError: marketing@trel.com.pg -&gt; 401 {"detail":"Invalid email or password"}
    assert 401 == 200
     +  where 401 = &lt;Response [401]&gt;.status_code</failure></testcase><testcase classname="tests.test_iter28_screen_matrix.TestSidebarScreens" name="test_endpoint_ok[locations/cities]" time="0.237" /><testcase classname="tests.test_iter28_screen_matrix.TestSidebarScreens" name="test_endpoint_ok[locations/suburbs]" time="0.050" /><testcase classname="tests.test_iter28_screen_matrix.TestSidebarScreens" name="test_endpoint_ok[property-types]" time="0.269" /><testcase classname="tests.test_iter28_screen_matrix.TestLogin" name="test_bad_password_rejected" time="0.289" /><testcase classname="tests.test_iter28_screen_matrix.TestSidebarScreens" name="test_endpoint_ok[notifications]" time="0.051" /><testcase classname="tests.test_iter28_screen_matrix.TestLogin" name="test_me" time="0.161" /><testcase classname="tests.test_iter28_screen_matrix.TestSidebarScreens" name="test_endpoint_ok[reports/summary]" time="0.053" /><testcase classname="tests.test_iter28_screen_matrix.TestSidebarScreens" name="test_endpoint_ok[reports/leads_by_source]" time="0.050" /><testcase classname="tests.test_iter28_screen_matrix.TestSidebarScreens" name="test_endpoint_ok[admin/market/listings]" time="0.044" /><testcase classname="tests.test_iter28_screen_matrix.TestLogin" name="test_bcrypt_hash_format" time="0.062" /><testcase classname="tests.test_iter28_screen_matrix.TestSidebarScreens" name="test_endpoint_ok[admin/market/summary]" time="0.102" /><testcase classname="tests.test_iter28_screen_matrix.TestSidebarScreens" name="test_endpoint_ok[admin/market/sources]" time="0.051" /><testcase classname="tests.test_iter28_screen_matrix.TestSidebarScreens" name="test_endpoint_ok[admin/market/match-reviews]" time="0.045" /><testcase classname="tests.test_iter28_screen_matrix.TestSidebarScreens" name="test_market_summary_shape" time="0.093" /><testcase classname="tests.test_iter28_screen_matrix.TestPropertyWritePath" name="test_create_house_and_read_back" time="0.263"><failure message="AssertionError: Internal Server Error&#10;assert 500 == 200&#10; +  where 500 = &lt;Response [500]&gt;.status_code">E   AssertionError: Internal Server Error
    assert 500 == 200
     +  where 500 = &lt;Response [500]&gt;.status_code</failure></testcase><testcase classname="tests.test_iter28_screen_matrix.TestSidebarScreens" name="test_property_list_matches_summary_count" time="0.133"><failure message="AssertionError: dashboard says 9 active properties but GET /api/properties?status=active returns 0&#10;assert 0 == 9&#10; +  where 0 = len([])">E   AssertionError: dashboard says 9 active properties but GET /api/properties?status=active returns 0
    assert 0 == 9
     +  where 0 = len([])</failure></testcase><testcase classname="tests.test_iter28_screen_matrix.TestPropertyWritePath" name="test_created_property_appears_in_list" time="0.000"><failure message="AssertionError: no property created&#10;assert []">E   AssertionError: no property created
    assert []</failure></testcase><testcase classname="tests.test_iter28_screen_matrix.TestPropertyWritePath" name="test_update_price_persists" time="0.000"><failure message="IndexError: list index out of range">E   IndexError: list index out of range</failure></testcase><testcase classname="tests.test_iter28_screen_matrix.TestPropertyWritePath" name="test_duplicate_check_no_match" time="0.064" /><testcase classname="tests.test_iter28_screen_matrix.TestPropertyWritePath" name="test_duplicate_check_detects_same_owner_same_parcel" time="0.000"><failure message="assert []">E   assert []</failure></testcase><testcase classname="tests.test_iter28_screen_matrix.TestPropertyWritePath" name="test_create_duplicate_blocked_409" time="0.059"><failure message="AssertionError: expected 409 duplicate, got 500&#10;assert 500 == 409&#10; +  where 500 = &lt;Response [500]&gt;.status_code">E   AssertionError: expected 409 duplicate, got 500
    assert 500 == 409
     +  where 500 = &lt;Response [500]&gt;.status_code</failure></testcase><testcase classname="tests.test_iter28_screen_matrix.TestPropertyWritePath" name="test_duplicate_override_allows_create" time="0.063"><failure message="AssertionError: Internal Server Error&#10;assert 500 == 200&#10; +  where 500 = &lt;Response [500]&gt;.status_code">E   AssertionError: Internal Server Error
    assert 500 == 200
     +  where 500 = &lt;Response [500]&gt;.status_code</failure></testcase><testcase classname="tests.test_iter28_screen_matrix.TestPropertyWritePath" name="test_delete_withdraws_property" time="0.060"><failure message="AssertionError: Internal Server Error&#10;assert 500 == 200&#10; +  where 500 = &lt;Response [500]&gt;.status_code">E   AssertionError: Internal Server Error
    assert 500 == 200
     +  where 500 = &lt;Response [500]&gt;.status_code</failure></testcase><testcase classname="tests.test_iter28_screen_matrix.TestPublic" name="test_public_get[properties?status=active&amp;limit=6]" time="0.108" /><testcase classname="tests.test_iter28_screen_matrix.TestPropertyValidation" name="test_customary_requires_portion_number" time="0.292" /><testcase classname="tests.test_iter28_screen_matrix.TestPublic" name="test_public_get[properties?featured=true]" time="0.069" /><testcase classname="tests.test_iter28_screen_matrix.TestPropertyValidation" name="test_customary_requires_district" time="0.043" /><testcase classname="tests.test_iter28_screen_matrix.TestPublic" name="test_public_get[public/challenge]" time="0.112" /><testcase classname="tests.test_iter28_screen_matrix.TestPropertyValidation" name="test_customary_land_create_with_district" time="0.050"><failure message="AssertionError: Internal Server Error&#10;assert 500 == 200&#10; +  where 500 = &lt;Response [500]&gt;.status_code">E   AssertionError: Internal Server Error
    assert 500 == 200
     +  where 500 = &lt;Response [500]&gt;.status_code</failure></testcase><testcase classname="tests.test_iter28_screen_matrix.TestPropertyValidation" name="test_missing_owner_name_rejected" time="0.091" /><testcase classname="tests.test_iter28_screen_matrix.TestPublic" name="test_public_get[page-content/home]" time="0.062" /><testcase classname="tests.test_iter28_screen_matrix.TestPropertyValidation" name="test_active_requires_verified_authority" time="0.047" /><testcase classname="tests.test_iter28_screen_matrix.TestAuthHardening" name="test_login_sets_httponly_cookie" time="0.378" /><testcase classname="tests.test_iter28_screen_matrix.TestPropertyValidation" name="test_zero_price_rejected" time="0.050" /><testcase classname="tests.test_iter28_screen_matrix.TestPropertyValidation" name="test_unauthenticated_create_rejected" time="0.239" /><testcase classname="tests.test_iter28_screen_matrix.TestPropertyValidation" name="test_get_unknown_property_404" time="0.043" /><testcase classname="tests.test_iter28_screen_matrix.TestUiPayloadContract" name="test_empty_tenure_type_from_ui_is_accepted" time="0.050"><failure message="AssertionError: UI sends tenure_type='' for 'Not specified' but API rejects it: 422 {&quot;detail&quot;:[{&quot;type&quot;:&quot;literal_error&quot;,&quot;loc&quot;:[&quot;body&quot;,&quot;tenure_type&quot;],&quot;msg&quot;:&quot;Input should be 'STATE_LEASE', 'FREEHOLD', 'CUSTOMARY' or 'OTHER'&quot;,&quot;input&quot;:&quot;&quot;,&quot;ctx&quot;:{&quot;expected&quot;:&quot;'STATE_LEASE', 'FREEHOLD', 'CUST&#10;assert 422 == 200&#10; +  where 422 = &lt;Response [422]&gt;.status_code">E   AssertionError: UI sends tenure_type='' for 'Not specified' but API rejects it: 422 {"detail":[{"type":"literal_error","loc":["body","tenure_type"],"msg":"Input should be 'STATE_LEASE', 'FREEHOLD', 'CUSTOMARY' or 'OTHER'","input":"","ctx":{"expected":"'STATE_LEASE', 'FREEHOLD', 'CUST
    assert 422 == 200
     +  where 422 = &lt;Response [422]&gt;.status_code</failure></testcase><testcase classname="tests.test_iter28_screen_matrix.TestAuthHardening" name="test_cors_allows_credentials_with_explicit_origin" time="0.089"><failure message="AssertionError: CORS must echo an explicit origin and allow credentials for cookie auth; got origin='*' credentials=None&#10;assert ('*' == 'https://req-...gentagent.com'&#10;  &#10;  - https://req-to-web-1.preview.emergentagent.com&#10;  + *)">E   AssertionError: CORS must echo an explicit origin and allow credentials for cookie auth; got origin='*' credentials=None
    assert ('*' == 'https://req-...gentagent.com'
      
      - https://req-to-web-1.preview.emergentagent.com
      + *)</failure></testcase><testcase classname="tests.test_iter28_screen_matrix.TestUiPayloadContract" name="test_null_tenure_type_accepted" time="0.050" /><testcase classname="tests.test_iter28_screen_matrix.TestAuthHardening" name="test_brute_force_lockout_after_five_failures" time="2.080"><failure message="AssertionError: no lockout after 6 failed logins; status codes=[401, 401, 401, 401, 401, 401]&#10;assert (429 in [401, 401, 401, 401, 401, 401] or 423 in [401, 401, 401, 401, 401, 401])">E   AssertionError: no lockout after 6 failed logins; status codes=[401, 401, 401, 401, 401, 401]
    assert (429 in [401, 401, 401, 401, 401, 401] or 423 in [401, 401, 401, 401, 401, 401])</failure></testcase></testsuite></testsuites>