<?xml version="1.0" encoding="utf-8"?><testsuites name="pytest tests"><testsuite name="pytest" errors="18" failures="1" skipped="0" tests="69" time="6.340" timestamp="2026-07-20T23:49:05.659765+00:00" hostname="agent-env-a0e2867f-6e81-4b33-87e8-c1fb64962a56"><testcase classname="" name="tests.test_lead_convert" time="0.000"><error message="collection failure">E   KeyError: 'REACT_APP_BACKEND_URL'</error><error message="collection failure">E   KeyError: 'REACT_APP_BACKEND_URL'</error></testcase><testcase classname="" name="tests.test_locations" time="0.000"><error message="collection failure">E   AttributeError: 'NoneType' object has no attribute 'rstrip'</error><error message="collection failure">E   AttributeError: 'NoneType' object has no attribute 'rstrip'</error></testcase><testcase classname="tests.test_page_content" name="test_get_page_all_slugs[home]" time="0.142" /><testcase classname="tests.backend_test" name="test_health" time="0.201" /><testcase classname="tests.test_page_content" name="test_get_page_all_slugs[about]" time="0.175" /><testcase classname="tests.backend_test" name="test_login_wrong_password" time="0.104" /><testcase classname="tests.test_page_content" name="test_get_page_all_slugs[sell]" time="0.157" /><testcase classname="tests.backend_test" name="test_auth_me" time="0.167"><error message="failed on setup with &quot;AssertionError: {&quot;detail&quot;:&quot;Invalid email or password&quot;}&#10;assert 401 == 200&#10; +  where 401 = &lt;Response [401]&gt;.status_code&quot;">E   AssertionError: {"detail":"Invalid email or password"}
    assert 401 == 200
     +  where 401 = &lt;Response [401]&gt;.status_code</error></testcase><testcase classname="tests.test_page_content" name="test_get_page_all_slugs[buy]" time="0.154" /><testcase classname="tests.backend_test" name="test_auth_me_no_token" time="0.099" /><testcase classname="tests.backend_test" name="test_list_properties" time="0.115" /><testcase classname="tests.test_page_content" name="test_get_page_all_slugs[rent]" time="0.102" /><testcase classname="tests.backend_test" name="test_properties_featured_filter" time="0.140" /><testcase classname="tests.test_page_content" name="test_get_page_all_slugs[wanted]" time="0.116" /><testcase classname="tests.backend_test" name="test_properties_listing_type_filter" time="0.119" /><testcase classname="tests.test_page_content" name="test_get_page_all_slugs[management]" time="0.126" /><testcase classname="tests.backend_test" name="test_property_detail_and_404" time="0.240" /><testcase classname="tests.test_page_content" name="test_get_page_all_slugs[corporate]" time="0.140" /><testcase classname="tests.test_page_content" name="test_get_page_all_slugs[contact]" time="0.116" /><testcase classname="tests.backend_test" name="test_public_lead_sell_form" time="0.000"><error message="failed on setup with &quot;AssertionError: {&quot;detail&quot;:&quot;Invalid email or password&quot;}&#10;assert 401 == 200&#10; +  where 401 = &lt;Response [401]&gt;.status_code&quot;">E   AssertionError: {"detail":"Invalid email or password"}
    assert 401 == 200
     +  where 401 = &lt;Response [401]&gt;.status_code</error></testcase><testcase classname="tests.backend_test" name="test_public_lead_wanted_creates_requirement" time="0.000"><error message="failed on setup with &quot;AssertionError: {&quot;detail&quot;:&quot;Invalid email or password&quot;}&#10;assert 401 == 200&#10; +  where 401 = &lt;Response [401]&gt;.status_code&quot;">E   AssertionError: {"detail":"Invalid email or password"}
    assert 401 == 200
     +  where 401 = &lt;Response [401]&gt;.status_code</error></testcase><testcase classname="tests.backend_test" name="test_public_inspection" time="0.000"><error message="failed on setup with &quot;AssertionError: {&quot;detail&quot;:&quot;Invalid email or password&quot;}&#10;assert 401 == 200&#10; +  where 401 = &lt;Response [401]&gt;.status_code&quot;">E   AssertionError: {"detail":"Invalid email or password"}
    assert 401 == 200
     +  where 401 = &lt;Response [401]&gt;.status_code</error></testcase><testcase classname="tests.backend_test" name="test_public_inspection_bad_property" time="0.103"><failure message="assert 400 == 404&#10; +  where 400 = &lt;Response [400]&gt;.status_code">E   assert 400 == 404
     +  where 400 = &lt;Response [400]&gt;.status_code</failure></testcase><testcase classname="tests.test_page_content" name="test_get_page_all_slugs[legal_privacy]" time="0.113" /><testcase classname="tests.backend_test" name="test_public_requirements_no_pii" time="0.107" /><testcase classname="tests.test_page_content" name="test_get_page_all_slugs[legal_terms]" time="0.118" /><testcase classname="tests.backend_test" name="test_list_leads_customers_inspections" time="0.000"><error message="failed on setup with &quot;AssertionError: {&quot;detail&quot;:&quot;Invalid email or password&quot;}&#10;assert 401 == 200&#10; +  where 401 = &lt;Response [401]&gt;.status_code&quot;">E   AssertionError: {"detail":"Invalid email or password"}
    assert 401 == 200
     +  where 401 = &lt;Response [401]&gt;.status_code</error></testcase><testcase classname="tests.backend_test" name="test_lead_status_persist" time="0.000"><error message="failed on setup with &quot;AssertionError: {&quot;detail&quot;:&quot;Invalid email or password&quot;}&#10;assert 401 == 200&#10; +  where 401 = &lt;Response [401]&gt;.status_code&quot;">E   AssertionError: {"detail":"Invalid email or password"}
    assert 401 == 200
     +  where 401 = &lt;Response [401]&gt;.status_code</error></testcase><testcase classname="tests.backend_test" name="test_tasks_crud" time="0.000"><error message="failed on setup with &quot;AssertionError: {&quot;detail&quot;:&quot;Invalid email or password&quot;}&#10;assert 401 == 200&#10; +  where 401 = &lt;Response [401]&gt;.status_code&quot;">E   AssertionError: {"detail":"Invalid email or password"}
    assert 401 == 200
     +  where 401 = &lt;Response [401]&gt;.status_code</error></testcase><testcase classname="tests.backend_test" name="test_matching" time="0.000"><error message="failed on setup with &quot;AssertionError: {&quot;detail&quot;:&quot;Invalid email or password&quot;}&#10;assert 401 == 200&#10; +  where 401 = &lt;Response [401]&gt;.status_code&quot;">E   AssertionError: {"detail":"Invalid email or password"}
    assert 401 == 200
     +  where 401 = &lt;Response [401]&gt;.status_code</error></testcase><testcase classname="tests.backend_test" name="test_property_crud" time="0.000"><error message="failed on setup with &quot;AssertionError: {&quot;detail&quot;:&quot;Invalid email or password&quot;}&#10;assert 401 == 200&#10; +  where 401 = &lt;Response [401]&gt;.status_code&quot;">E   AssertionError: {"detail":"Invalid email or password"}
    assert 401 == 200
     +  where 401 = &lt;Response [401]&gt;.status_code</error></testcase><testcase classname="tests.backend_test" name="test_users_list" time="0.000"><error message="failed on setup with &quot;AssertionError: {&quot;detail&quot;:&quot;Invalid email or password&quot;}&#10;assert 401 == 200&#10; +  where 401 = &lt;Response [401]&gt;.status_code&quot;">E   AssertionError: {"detail":"Invalid email or password"}
    assert 401 == 200
     +  where 401 = &lt;Response [401]&gt;.status_code</error></testcase><testcase classname="tests.backend_test" name="test_users_create_admin_only" time="0.000"><error message="failed on setup with &quot;AssertionError: {&quot;detail&quot;:&quot;Invalid email or password&quot;}&#10;assert 401 == 200&#10; +  where 401 = &lt;Response [401]&gt;.status_code&quot;">E   AssertionError: {"detail":"Invalid email or password"}
    assert 401 == 200
     +  where 401 = &lt;Response [401]&gt;.status_code</error></testcase><testcase classname="tests.backend_test" name="test_content_site_get_and_update" time="0.000"><error message="failed on setup with &quot;AssertionError: {&quot;detail&quot;:&quot;Invalid email or password&quot;}&#10;assert 401 == 200&#10; +  where 401 = &lt;Response [401]&gt;.status_code&quot;">E   AssertionError: {"detail":"Invalid email or password"}
    assert 401 == 200
     +  where 401 = &lt;Response [401]&gt;.status_code</error></testcase><testcase classname="tests.backend_test" name="test_reports_summary" time="0.000"><error message="failed on setup with &quot;AssertionError: {&quot;detail&quot;:&quot;Invalid email or password&quot;}&#10;assert 401 == 200&#10; +  where 401 = &lt;Response [401]&gt;.status_code&quot;">E   AssertionError: {"detail":"Invalid email or password"}
    assert 401 == 200
     +  where 401 = &lt;Response [401]&gt;.status_code</error></testcase><testcase classname="tests.backend_test" name="test_reports_leads_by_source" time="0.000"><error message="failed on setup with &quot;AssertionError: {&quot;detail&quot;:&quot;Invalid email or password&quot;}&#10;assert 401 == 200&#10; +  where 401 = &lt;Response [401]&gt;.status_code&quot;">E   AssertionError: {"detail":"Invalid email or password"}
    assert 401 == 200
     +  where 401 = &lt;Response [401]&gt;.status_code</error></testcase><testcase classname="tests.test_captcha" name="test_challenge_shape" time="0.101" /><testcase classname="tests.test_page_content" name="test_get_page_nonexistent_returns_404" time="0.101" /><testcase classname="tests.test_captcha" name="test_challenge_uniqueness" time="0.357" /><testcase classname="tests.test_page_content" name="test_put_page_without_auth_returns_401" time="0.096" /><testcase classname="tests.test_page_content" name="test_post_list_without_auth_returns_401" time="0.141" /><testcase classname="tests.test_page_content" name="test_delete_list_without_auth_returns_401" time="0.106" /><testcase classname="tests.test_captcha" name="test_public_lead_correct_captcha_uppercase" time="0.392" /><testcase classname="tests.test_page_content" name="test_put_about_partial_mission_preserves_defaults" time="0.749" /><testcase classname="tests.test_captcha" name="test_public_lead_correct_captcha_lowercase" time="0.214" /><testcase classname="tests.test_captcha" name="test_public_lead_wrong_captcha" time="0.223" /><testcase classname="tests.test_page_content" name="test_team_list_append_and_delete" time="0.534" /><testcase classname="tests.test_captcha" name="test_public_lead_honeypot" time="0.206" /><testcase classname="tests.test_captcha" name="test_public_inspection_with_captcha" time="0.489" /><testcase classname="tests.test_page_content" name="test_delete_out_of_range_returns_400" time="0.138" /><testcase classname="tests.test_page_content" name="test_post_list_bad_section_returns_400" time="0.108" /><testcase classname="tests.test_captcha" name="test_admin_login_regression" time="0.450" /><testcase classname="tests.test_page_content" name="test_regression_content_site" time="0.319" /><testcase classname="tests.test_page_content" name="test_regression_content_about" time="0.100" /><testcase classname="tests.test_customers" name="test_list_customers_requires_auth" time="0.101" /><testcase classname="tests.test_sell_migration" name="test_sell_benefits_migrated" time="0.144" /><testcase classname="tests.test_customers" name="test_post_requires_auth" time="0.154" /><testcase classname="tests.test_sell_migration" name="test_sell_no_free_appraisal" time="0.102" /><testcase classname="tests.test_sell_migration" name="test_sell_hero_intro_uses_valuation" time="0.098" /><testcase classname="tests.test_customers" name="test_put_requires_auth" time="0.142" /><testcase classname="tests.test_customers" name="test_delete_requires_auth" time="0.219" /><testcase classname="tests.test_map_coords.TestPropertyMapCoords" name="test_create_property_with_coords" time="0.274" /><testcase classname="tests.test_map_coords.TestPropertyMapCoords" name="test_create_property_without_coords_defaults_none" time="0.005" /><testcase classname="tests.test_map_coords.TestContentSiteMapCoords" name="test_put_get_site_map_coords" time="0.008" /><testcase classname="tests.test_customers" name="test_customer_full_crud" time="0.948" /><testcase classname="tests.test_customers" name="test_cleanup_all_testcust" time="0.104" /><testcase classname="tests.test_map_coords.TestPageContactMapCoords" name="test_put_get_contact_map_coords" time="0.235" /></testsuite></testsuites>