<?xml version="1.0" encoding="utf-8"?><testsuites name="pytest tests"><testsuite name="pytest" errors="0" failures="0" skipped="0" tests="32" time="5.109" timestamp="2026-08-19T01:44:20.911888+00:00" hostname="agent-env-a0e2867f-6e81-4b33-87e8-c1fb64962a56"><testcase classname="tests.test_iter44_full_workflow.TestSecurityContract" name="test_unauth_workspace_401" time="0.401" /><testcase classname="tests.test_iter44_full_workflow.TestSecurityContract" name="test_unauth_actions_401" time="0.335" /><testcase classname="tests.test_iter44_full_workflow.TestSecurityContract" name="test_unknown_reference_404" time="0.793" /><testcase classname="tests.test_iter44_full_workflow.TestSecurityContract" name="test_unknown_record_type_404" time="0.368" /><testcase classname="tests.test_iter44_full_workflow.TestPhase3CreateProperties" name="test_p01_residential_house_sale" time="2.020" /><testcase classname="tests.test_iter44_full_workflow.TestSecurityContract" name="test_unsupported_action_400" time="0.162" /><testcase classname="tests.test_iter44_full_workflow.TestPhase3CreateProperties" name="test_p02_house_rent" time="0.127" /><testcase classname="tests.test_iter44_full_workflow.TestSecurityContract" name="test_action_on_missing_reference_404" time="0.124" /><testcase classname="tests.test_iter44_full_workflow.TestPhase3CreateProperties" name="test_p04_vacant_urban_land" time="0.131" /><testcase classname="tests.test_iter44_full_workflow.TestSecurityContract" name="test_audit_events_not_writable_via_put" time="0.171" /><testcase classname="tests.test_iter44_full_workflow.TestPhase3CreateProperties" name="test_p10_near_duplicate" time="0.158" /><testcase classname="tests.test_iter44_full_workflow.TestSecurityContract" name="test_audit_events_not_deletable" time="0.148" /><testcase classname="tests.test_iter44_full_workflow.TestPhase3CreateProperties" name="test_validation_missing_required" time="0.127" /><testcase classname="tests.test_iter44_full_workflow.TestPhase3CreateProperties" name="test_validation_missing_declarations" time="0.323" /><testcase classname="tests.test_iter44_full_workflow.TestPhase3CreateProperties" name="test_validation_zero_price" time="0.130" /><testcase classname="tests.test_iter44_full_workflow.TestSecurityContract" name="test_workspace_reject_advertiser_role" time="0.548" /><testcase classname="tests.test_iter44_full_workflow.TestPhase3CreateProperties" name="test_boundary_long_description" time="0.122" /><testcase classname="tests.test_iter44_full_workflow.TestSecurityContract" name="test_advertiser_draft_reject_admin_role" time="0.130" /><testcase classname="tests.test_iter44_full_workflow.TestPhase3CreateProperties" name="test_special_chars_title" time="0.139" /><testcase classname="tests.test_iter44_full_workflow.TestSecurityContract" name="test_advertiser_me_reject_admin_role" time="0.190" /><testcase classname="tests.test_iter44_full_workflow.TestPhase3CreateProperties" name="test_submissions_visible_to_advertiser" time="0.150" /><testcase classname="tests.test_iter44_full_workflow.TestPhase7Workflows" name="test_action_confirm_new_property" time="0.434" /><testcase classname="tests.test_iter44_full_workflow.TestPhase7Workflows" name="test_publication_publish" time="0.151" /><testcase classname="tests.test_iter44_full_workflow.TestPhase9Audit" name="test_audit_events_populated" time="0.504" /><testcase classname="tests.test_iter44_full_workflow.TestPhase9Audit" name="test_notification_outbox_opaque_ids_no_pii" time="0.127" /><testcase classname="tests.test_iter44_full_workflow.TestPhase7Workflows" name="test_publication_suspend" time="0.203" /><testcase classname="tests.test_iter44_full_workflow.TestPhase10Tenant" name="test_advertiser_cannot_hijack_owner_via_payload" time="0.141" /><testcase classname="tests.test_iter44_full_workflow.TestPhase7Workflows" name="test_lifecycle_send_confirmation_creates_notification" time="0.308" /><testcase classname="tests.test_iter44_full_workflow.TestPhase10Tenant" name="test_advertiser_cannot_read_staff_submission_by_ref" time="0.130" /><testcase classname="tests.test_iter44_full_workflow" name="test_safety_gate_env" time="0.001" /><testcase classname="tests.test_iter44_full_workflow.TestPhase7Workflows" name="test_location_request_share" time="0.128" /><testcase classname="tests.test_iter44_full_workflow.TestPhase7Workflows" name="test_advertiser_identity_verify" time="0.142" /></testsuite></testsuites>