<?xml version="1.0" encoding="utf-8"?><testsuites name="pytest tests"><testsuite name="pytest" errors="0" failures="0" skipped="1" tests="9" time="42.061" timestamp="2026-08-12T03:44:40.292604+00:00" hostname="agent-env-a0e2867f-6e81-4b33-87e8-c1fb64962a56"><testcase classname="tests.test_iter37_bulk_rediscover.TestApplyListingPages" name="test_404_on_unknown" time="0.737" /><testcase classname="tests.test_iter37_bulk_rediscover.TestApplyListingPages" name="test_400_on_non_list" time="0.271" /><testcase classname="tests.test_iter37_bulk_rediscover.TestApplyListingPages" name="test_apply_then_verify_and_restore" time="0.476" /><testcase classname="tests.test_iter37_bulk_rediscover.TestAudit" name="test_audit_entries_present" time="39.102"><skipped type="pytest.skip" message="audit-log endpoint not available">/app/backend/tests/test_iter37_bulk_rediscover.py:180: audit-log endpoint not available</skipped></testcase><testcase classname="tests.test_iter37_bulk_rediscover.TestRediscoverAll" name="test_schema" time="41.522" /><testcase classname="tests.test_iter37_bulk_rediscover.TestRediscoverAll" name="test_diff_entry_shape" time="0.000" /><testcase classname="tests.test_iter37_bulk_rediscover.TestRediscoverAll" name="test_skipped_reasons" time="0.000" /><testcase classname="tests.test_iter37_bulk_rediscover.TestRediscoverAll" name="test_hausples_suggested_buy_and_rent" time="0.000" /><testcase classname="tests.test_iter37_bulk_rediscover.TestRediscoverAll" name="test_graceful_errors_do_not_500" time="0.000" /></testsuite></testsuites>