<?xml version="1.0" encoding="utf-8"?><testsuites name="pytest tests"><testsuite name="pytest" errors="0" failures="1" skipped="0" tests="12" time="10.052" timestamp="2026-07-27T01:29:04.869488+00:00" hostname="agent-env-a0e2867f-6e81-4b33-87e8-c1fb64962a56"><testcase classname="tests.test_property_types_refactor" name="test_get_property_types_public_returns_defaults" time="0.129" /><testcase classname="tests.test_property_types_refactor" name="test_create_property_type_unique_and_duplicate_409" time="0.765" /><testcase classname="tests.test_property_types_refactor" name="test_delete_property_type_requires_auth" time="0.145" /><testcase classname="tests.test_property_types_refactor" name="test_create_property_house_missing_allotment_returns_400" time="0.170" /><testcase classname="tests.test_property_types_refactor" name="test_create_property_portion_missing_full_portion_returns_400" time="0.098" /><testcase classname="tests.test_property_types_refactor" name="test_create_property_sale_missing_total_area_ha_returns_400" time="0.094" /><testcase classname="tests.test_property_types_refactor" name="test_create_property_house_success_wipes_portion" time="0.220" /><testcase classname="tests.test_property_types_refactor" name="test_create_property_portion_success_wipes_lot_fields" time="0.201" /><testcase classname="tests.test_property_types_refactor" name="test_put_property_scheme_change_lot_to_portion" time="0.410" /><testcase classname="tests.test_property_types_refactor" name="test_put_property_strips_legacy_land_category" time="0.336" /><testcase classname="tests.test_property_types_refactor" name="test_ai_price_analysis_with_street_and_landmark" time="6.526"><failure message="AssertionError: Unexpected keys: {'range_min', 'range_max', 'average', 'recommendation', 'verdict', 'comparables', 'sample_size'}&#10;assert ({'average', 'comparables', 'range_max', 'range_min', 'recommendation', 'sample_size', ...} &amp; {'analysis', 'estimated_price', 'max_price', 'min_price', 'price_range', 'suggested_price', ...})">backend/tests/test_property_types_refactor.py:231: in test_ai_price_analysis_with_street_and_landmark
    assert keys &amp; {"suggested_price", "estimated_price", "price_range", "analysis", "summary", "min_price", "max_price"}, f"Unexpected keys: {keys}"
E   AssertionError: Unexpected keys: {'range_min', 'range_max', 'average', 'recommendation', 'verdict', 'comparables', 'sample_size'}
E   assert ({'average', 'comparables', 'range_max', 'range_min', 'recommendation', 'sample_size', ...} &amp; {'analysis', 'estimated_price', 'max_price', 'min_price', 'price_range', 'suggested_price', ...})</failure></testcase><testcase classname="tests.test_property_types_refactor" name="test_zzz_cleanup" time="0.430" /></testsuite></testsuites>