<?xml version="1.0" encoding="utf-8"?><testsuites name="pytest tests"><testsuite name="pytest" errors="0" failures="0" skipped="0" tests="21" time="3.449" timestamp="2026-07-17T04:10:44.538952+00:00" hostname="agent-env-a0e2867f-6e81-4b33-87e8-c1fb64962a56"><testcase classname="tests.test_page_content" name="test_get_page_all_slugs[home]" time="0.272" /><testcase classname="tests.test_page_content" name="test_get_page_all_slugs[about]" time="0.102" /><testcase classname="tests.test_page_content" name="test_get_page_all_slugs[sell]" time="0.103" /><testcase classname="tests.test_page_content" name="test_get_page_all_slugs[buy]" time="0.108" /><testcase classname="tests.test_page_content" name="test_get_page_all_slugs[rent]" time="0.116" /><testcase classname="tests.test_page_content" name="test_get_page_all_slugs[wanted]" time="0.096" /><testcase classname="tests.test_page_content" name="test_get_page_all_slugs[management]" time="0.097" /><testcase classname="tests.test_page_content" name="test_get_page_all_slugs[corporate]" time="0.108" /><testcase classname="tests.test_page_content" name="test_get_page_all_slugs[contact]" time="0.130" /><testcase classname="tests.test_page_content" name="test_get_page_all_slugs[legal_privacy]" time="0.096" /><testcase classname="tests.test_page_content" name="test_get_page_all_slugs[legal_terms]" time="0.100" /><testcase classname="tests.test_page_content" name="test_get_page_nonexistent_returns_404" time="0.102" /><testcase classname="tests.test_page_content" name="test_put_page_without_auth_returns_401" time="0.126" /><testcase classname="tests.test_page_content" name="test_post_list_without_auth_returns_401" time="0.095" /><testcase classname="tests.test_page_content" name="test_delete_list_without_auth_returns_401" time="0.100" /><testcase classname="tests.test_page_content" name="test_put_about_partial_mission_preserves_defaults" time="0.725" /><testcase classname="tests.test_page_content" name="test_team_list_append_and_delete" time="0.510" /><testcase classname="tests.test_page_content" name="test_delete_out_of_range_returns_400" time="0.104" /><testcase classname="tests.test_page_content" name="test_post_list_bad_section_returns_400" time="0.096" /><testcase classname="tests.test_page_content" name="test_regression_content_site" time="0.100" /><testcase classname="tests.test_page_content" name="test_regression_content_about" time="0.098" /></testsuite></testsuites>