<?xml version="1.0" encoding="utf-8"?><testsuites name="pytest tests"><testsuite name="pytest" errors="0" failures="1" skipped="0" tests="33" time="4.733" timestamp="2026-07-17T22:08:49.530086+00:00" hostname="agent-env-a0e2867f-6e81-4b33-87e8-c1fb64962a56"><testcase classname="tests.test_captcha" name="test_challenge_shape" time="0.155" /><testcase classname="tests.test_page_content" name="test_get_page_all_slugs[home]" time="0.146" /><testcase classname="tests.test_page_content" name="test_get_page_all_slugs[about]" time="0.109" /><testcase classname="tests.test_captcha" name="test_challenge_uniqueness" time="0.425" /><testcase classname="tests.test_page_content" name="test_get_page_all_slugs[sell]" time="0.166" /><testcase classname="tests.test_page_content" name="test_get_page_all_slugs[buy]" time="0.107" /><testcase classname="tests.test_page_content" name="test_get_page_all_slugs[rent]" time="0.105" /><testcase classname="tests.test_captcha" name="test_public_lead_correct_captcha_uppercase" time="0.247" /><testcase classname="tests.test_page_content" name="test_get_page_all_slugs[wanted]" time="0.126" /><testcase classname="tests.test_page_content" name="test_get_page_all_slugs[management]" time="0.146" /><testcase classname="tests.test_captcha" name="test_public_lead_correct_captcha_lowercase" time="0.260" /><testcase classname="tests.test_page_content" name="test_get_page_all_slugs[corporate]" time="0.116" /><testcase classname="tests.test_page_content" name="test_get_page_all_slugs[contact]" time="0.129" /><testcase classname="tests.test_captcha" name="test_public_lead_wrong_captcha" time="0.232" /><testcase classname="tests.test_page_content" name="test_get_page_all_slugs[legal_privacy]" time="0.113" /><testcase classname="tests.test_page_content" name="test_get_page_all_slugs[legal_terms]" time="0.114" /><testcase classname="tests.test_captcha" name="test_public_lead_honeypot" time="0.448" /><testcase classname="tests.test_page_content" name="test_get_page_nonexistent_returns_404" time="0.115" /><testcase classname="tests.test_page_content" name="test_put_page_without_auth_returns_401" time="0.129" /><testcase classname="tests.test_page_content" name="test_post_list_without_auth_returns_401" time="0.111" /><testcase classname="tests.test_page_content" name="test_delete_list_without_auth_returns_401" time="0.213" /><testcase classname="tests.test_captcha" name="test_public_inspection_with_captcha" time="0.541" /><testcase classname="tests.test_page_content" name="test_put_about_partial_mission_preserves_defaults" time="1.092" /><testcase classname="tests.test_captcha" name="test_admin_login_regression" time="0.478" /><testcase classname="tests.test_map_coords.TestPropertyMapCoords" name="test_create_property_with_coords" time="0.252" /><testcase classname="tests.test_map_coords.TestPropertyMapCoords" name="test_create_property_without_coords_defaults_none" time="0.005" /><testcase classname="tests.test_map_coords.TestContentSiteMapCoords" name="test_put_get_site_map_coords" time="0.022" /><testcase classname="tests.test_page_content" name="test_team_list_append_and_delete" time="0.623"><failure message="assert False&#10; +  where False = all(&lt;generator object test_team_list_append_and_delete.&lt;locals&gt;.&lt;genexpr&gt; at 0xfa26c2b24ba0&gt;)">tests/test_page_content.py:107: in test_team_list_append_and_delete
    assert all(m.get("name") != "TEST_Member_XYZ" for m in final)
E   assert False
E    +  where False = all(&lt;generator object test_team_list_append_and_delete.&lt;locals&gt;.&lt;genexpr&gt; at 0xfa26c2b24ba0&gt;)</failure></testcase><testcase classname="tests.test_map_coords.TestPageContactMapCoords" name="test_put_get_contact_map_coords" time="0.008" /><testcase classname="tests.test_page_content" name="test_delete_out_of_range_returns_400" time="0.107" /><testcase classname="tests.test_page_content" name="test_post_list_bad_section_returns_400" time="0.137" /><testcase classname="tests.test_page_content" name="test_regression_content_site" time="0.164" /><testcase classname="tests.test_page_content" name="test_regression_content_about" time="0.134" /></testsuite></testsuites>