<?xml version="1.0" encoding="utf-8"?><testsuites name="pytest tests"><testsuite name="pytest" errors="0" failures="0" skipped="0" tests="38" time="11.427" timestamp="2026-08-11T13:41:39.484676+00:00" hostname="agent-env-a0e2867f-6e81-4b33-87e8-c1fb64962a56"><testcase classname="tests.test_collectors_common.TestAllotmentSection" name="test_allot_section_forward" time="0.000" /><testcase classname="tests.test_collectors_common.TestAllotmentSection" name="test_lot_section_forward_with_commas" time="0.000" /><testcase classname="tests.test_collectors_common.TestAllotmentSection" name="test_section_allot_reversed" time="0.000" /><testcase classname="tests.test_collectors_common.TestAllotmentSection" name="test_alphanumeric" time="0.000" /><testcase classname="tests.test_collectors_common.TestAllotmentSection" name="test_no_match" time="0.000" /><testcase classname="tests.test_collectors_common.TestAllotmentSection" name="test_none" time="0.000" /><testcase classname="tests.test_collectors_common.TestPrice" name="test_plain_number" time="0.000" /><testcase classname="tests.test_collectors_common.TestPrice" name="test_with_decimal" time="0.000" /><testcase classname="tests.test_collectors_common.TestPrice" name="test_dollar_prefix" time="0.000" /><testcase classname="tests.test_collectors_common.TestPrice" name="test_none" time="0.000" /><testcase classname="tests.test_collectors_common.TestPrice" name="test_no_digits" time="0.000" /><testcase classname="tests.test_collectors_common.TestSubtypeInference" name="test_house" time="0.000" /><testcase classname="tests.test_collectors_common.TestSubtypeInference" name="test_apartment" time="0.000" /><testcase classname="tests.test_collectors_common.TestSubtypeInference" name="test_land" time="0.000" /><testcase classname="tests.test_collectors_common.TestSubtypeInference" name="test_warehouse" time="0.000" /><testcase classname="tests.test_collectors_common.TestSubtypeInference" name="test_none" time="0.000" /><testcase classname="tests.test_iter34_collectors_and_rename.TestMongoMigration" name="test_no_lot_number_field_anywhere" time="0.009" /><testcase classname="tests.test_iter34_collectors_and_rename.TestMongoMigration" name="test_sample_docs_have_allotment_number_field" time="0.034" /><testcase classname="tests.test_iter34_collectors_and_rename.TestMasterProperties" name="test_master_properties_have_allotment_number" time="0.587" /><testcase classname="tests.test_iter34_collectors_and_rename.TestLiveScrapersGraceful" name="test_activate_run_deactivate[Hausples PNG-hausples_png]" time="2.748" /><testcase classname="tests.test_iter34_collectors_and_rename.TestMasterProperties" name="test_master_search_by_allotment" time="0.126" /><testcase classname="tests.test_collectors_common.TestPortion" name="test_portion" time="0.000" /><testcase classname="tests.test_collectors_common.TestPortion" name="test_portion_none" time="0.000" /><testcase classname="tests.test_collectors_common.TestBedsBaths" name="test_bedrooms_various" time="0.000" /><testcase classname="tests.test_collectors_common.TestBedsBaths" name="test_bathrooms_various" time="0.000" /><testcase classname="tests.test_collectors_common.TestAddress" name="test_full" time="0.000" /><testcase classname="tests.test_collectors_common.TestAddress" name="test_partial" time="0.000" /><testcase classname="tests.test_collectors_common.TestRegistry" name="test_all_expected_collectors_registered" time="0.000" /><testcase classname="tests.test_collectors_common.TestRegistry" name="test_each_http_collector_has_defaults" time="0.000" /><testcase classname="tests.test_iter34_collectors_and_rename.TestCollectorRegistry" name="test_collectors_endpoint_returns_seven_keys" time="0.438" /><testcase classname="tests.test_iter34_collectors_and_rename.TestMarketSourcesSeeded" name="test_all_seven_sources_present" time="0.063" /><testcase classname="tests.test_iter34_collectors_and_rename.TestSeedGeneratorRun" name="test_seed_generator_run_and_allotment_fields" time="0.234" /><testcase classname="tests.test_iter34_collectors_and_rename.TestMatcherAfterRename" name="test_guidance_run_returns_confidence" time="0.102" /><testcase classname="tests.test_iter34_collectors_and_rename.TestLiveScrapersGraceful" name="test_activate_run_deactivate[LJ Hooker PNG-ljhookerpng]" time="2.514" /><testcase classname="tests.test_iter34_collectors_and_rename.TestLiveScrapersGraceful" name="test_activate_run_deactivate[MyPNGHome-mypnghome]" time="0.638" /><testcase classname="tests.test_iter34_collectors_and_rename.TestLiveScrapersGraceful" name="test_activate_run_deactivate[Strickland Real Estate-sre]" time="2.238" /><testcase classname="tests.test_iter34_collectors_and_rename.TestLiveScrapersGraceful" name="test_activate_run_deactivate[Devine &amp; Associates-dac]" time="0.649" /><testcase classname="tests.test_iter34_collectors_and_rename.TestLiveScrapersGraceful" name="test_activate_run_deactivate[MarketMeri-marketmeri]" time="1.827" /></testsuite></testsuites>