<?xml version="1.0" encoding="utf-8"?><testsuites name="pytest tests"><testsuite name="pytest" errors="0" failures="0" skipped="1" tests="12" time="2.623" timestamp="2026-08-17T05:17:57.493134+00:00" hostname="agent-env-a0e2867f-6e81-4b33-87e8-c1fb64962a56"><testcase classname="tests.test_iter41_diagnostics.TestSchedulerAndHealth" name="test_pause" time="0.666" /><testcase classname="tests.test_iter41_diagnostics.TestSchedulerAndHealth" name="test_scheduler_status" time="0.201" /><testcase classname="tests.test_iter41_diagnostics.TestAcceptanceContractOnLiveRuns" name="test_acceptance_math_holds" time="0.774"><skipped type="pytest.xfail" message="KNOWN BUG: seen=682 but accepted=413 + rejected=1519 = 1932" /></testcase><testcase classname="tests.test_iter41_diagnostics.TestAcceptanceContractOnLiveRuns" name="test_rejection_reasons_are_recorded" time="0.142" /><testcase classname="tests.test_iter41_diagnostics.TestSchedulerAndHealth" name="test_summary" time="0.109" /><testcase classname="tests.test_iter41_diagnostics.TestAcceptanceContractOnLiveRuns" name="test_detail_pages_math_holds" time="0.115" /><testcase classname="tests.test_iter41_diagnostics.TestSchedulerAndHealth" name="test_collectors_list" time="0.107" /><testcase classname="tests.test_iter41_diagnostics.TestAcceptanceContractOnLiveRuns" name="test_pagination_end_reason_valid" time="0.138" /><testcase classname="tests.test_iter41_diagnostics.TestRunsListing" name="test_runs_list_tolerates_legacy" time="0.124" /><testcase classname="tests.test_iter41_diagnostics.TestSeedCollectDiagnostics" name="test_seed_run_completes_with_full_diagnostics" time="0.319" /><testcase classname="tests.test_iter41_diagnostics.TestSchedulerResume" name="test_resume" time="0.140" /><testcase classname="tests.test_iter41_diagnostics.TestNoUnderscoreIdLeaks" name="test_endpoints_strip_id" time="0.645" /></testsuite></testsuites>