<?xml version="1.0" encoding="utf-8"?><testsuites name="pytest tests"><testsuite name="pytest" errors="0" failures="0" skipped="0" tests="6" time="12.814" timestamp="2026-07-20T23:48:46.225092+00:00" hostname="agent-env-a0e2867f-6e81-4b33-87e8-c1fb64962a56"><testcase classname="tests.test_ai_price_analysis" name="test_price_analysis_valid_sale" time="5.974" /><testcase classname="tests.test_ai_price_analysis" name="test_price_analysis_valid_rent" time="2.658" /><testcase classname="tests.test_ai_price_analysis" name="test_price_analysis_zero_price_400" time="0.138" /><testcase classname="tests.test_ai_price_analysis" name="test_price_analysis_missing_location_400" time="0.140" /><testcase classname="tests.test_ai_price_analysis" name="test_price_analysis_missing_required_422" time="0.109" /><testcase classname="tests.test_ai_price_analysis" name="test_price_analysis_no_agent_or_id_in_comparables" time="3.308" /></testsuite></testsuites>