<?xml version="1.0" encoding="utf-8"?><testsuites name="pytest tests"><testsuite name="pytest" errors="0" failures="0" skipped="0" tests="23" time="5.689" timestamp="2026-07-11T09:09:40.197466+00:00" hostname="agent-env-a0e2867f-6e81-4b33-87e8-c1fb64962a56"><testcase classname="tests.backend_test" name="test_health" time="0.259" /><testcase classname="tests.backend_test" name="test_login_wrong_password" time="0.368" /><testcase classname="tests.backend_test" name="test_auth_me" time="0.468" /><testcase classname="tests.backend_test" name="test_auth_me_no_token" time="0.145" /><testcase classname="tests.backend_test" name="test_list_properties" time="0.159" /><testcase classname="tests.backend_test" name="test_properties_featured_filter" time="0.133" /><testcase classname="tests.backend_test" name="test_properties_listing_type_filter" time="0.133" /><testcase classname="tests.backend_test" name="test_property_detail_and_404" time="0.226" /><testcase classname="tests.backend_test" name="test_public_lead_sell_form" time="0.227" /><testcase classname="tests.backend_test" name="test_public_lead_wanted_creates_requirement" time="0.145" /><testcase classname="tests.backend_test" name="test_public_inspection" time="0.227" /><testcase classname="tests.backend_test" name="test_public_inspection_bad_property" time="0.092" /><testcase classname="tests.backend_test" name="test_public_requirements_no_pii" time="0.106" /><testcase classname="tests.backend_test" name="test_list_leads_customers_inspections" time="0.229" /><testcase classname="tests.backend_test" name="test_lead_status_persist" time="0.221" /><testcase classname="tests.backend_test" name="test_tasks_crud" time="0.247" /><testcase classname="tests.backend_test" name="test_matching" time="0.130" /><testcase classname="tests.backend_test" name="test_property_crud" time="0.306" /><testcase classname="tests.backend_test" name="test_users_list" time="0.090" /><testcase classname="tests.backend_test" name="test_users_create_admin_only" time="0.777" /><testcase classname="tests.backend_test" name="test_content_site_get_and_update" time="0.228" /><testcase classname="tests.backend_test" name="test_reports_summary" time="0.105" /><testcase classname="tests.backend_test" name="test_reports_leads_by_source" time="0.114" /></testsuite></testsuites>