<?xml version="1.0" encoding="utf-8"?><testsuites name="pytest tests"><testsuite name="pytest" errors="0" failures="0" skipped="0" tests="9" time="1.267" timestamp="2026-07-20T07:04:04.768675+00:00" hostname="agent-env-a0e2867f-6e81-4b33-87e8-c1fb64962a56"><testcase classname="tests.test_lead_convert.TestConvertLeadFlow" name="test_01_create_sell_form_lead" time="0.332" /><testcase classname="tests.test_lead_convert.TestConvertLeadFlow" name="test_02_create_contact_form_lead" time="0.095" /><testcase classname="tests.test_lead_convert.TestConvertLeadFlow" name="test_03_verify_lead_shape" time="0.317" /><testcase classname="tests.test_lead_convert.TestConvertLeadFlow" name="test_04_convert_flow_create_property" time="0.095" /><testcase classname="tests.test_lead_convert.TestConvertLeadFlow" name="test_05_update_lead_to_converted" time="0.047" /><testcase classname="tests.test_lead_convert.TestConvertLeadFlow" name="test_06_lead_persisted_as_converted" time="0.045" /><testcase classname="tests.test_lead_convert.TestConvertLeadFlow" name="test_07_property_fetch_matches" time="0.044" /><testcase classname="tests.test_lead_convert.TestConvertLeadFlow" name="test_08_contact_lead_still_not_converted" time="0.055" /><testcase classname="tests.test_lead_convert.TestConvertLeadFlow" name="test_99_cleanup" time="0.188" /></testsuite></testsuites>