<?xml version="1.0" encoding="utf-8"?><testsuites name="pytest tests"><testsuite name="pytest" errors="0" failures="0" skipped="0" tests="13" time="3.464" timestamp="2026-07-20T05:03:29.886054+00:00" hostname="agent-env-a0e2867f-6e81-4b33-87e8-c1fb64962a56"><testcase classname="tests.test_locations.TestSeedData" name="test_provinces_seeded" time="0.294" /><testcase classname="tests.test_locations.TestSeedData" name="test_pom_suburbs_seeded" time="0.092" /><testcase classname="tests.test_locations.TestPublicSuburbAdd" name="test_add_and_idempotent" time="0.747" /><testcase classname="tests.test_locations.TestPublicSuburbAdd" name="test_empty_name_400" time="0.094" /><testcase classname="tests.test_locations.TestPublicSuburbAdd" name="test_invalid_city_404" time="0.096" /><testcase classname="tests.test_locations.TestAdminAuthGuards" name="test_create_province_requires_auth" time="0.097" /><testcase classname="tests.test_locations.TestAdminAuthGuards" name="test_create_city_requires_auth" time="0.100" /><testcase classname="tests.test_locations.TestAdminAuthGuards" name="test_create_suburb_requires_auth" time="0.097" /><testcase classname="tests.test_locations.TestAdminAuthGuards" name="test_delete_province_requires_auth" time="0.099" /><testcase classname="tests.test_locations.TestAdminCRUD" name="test_full_lifecycle_and_cascade" time="0.924" /><testcase classname="tests.test_locations.TestAdminCRUD" name="test_city_delete_cascades_suburbs" time="0.402" /><testcase classname="tests.test_locations.TestPropertyIntegration" name="test_existing_properties_have_province" time="0.096" /><testcase classname="tests.test_locations.TestPropertyIntegration" name="test_create_property_with_location_fields" time="0.274" /></testsuite></testsuites>