<?xml version="1.0" encoding="utf-8"?><testsuites name="pytest tests"><testsuite name="pytest" errors="0" failures="0" skipped="0" tests="6" time="34.842" timestamp="2026-07-21T05:43:52.165659+00:00" hostname="agent-env-a0e2867f-6e81-4b33-87e8-c1fb64962a56"><testcase classname="tests.test_nearby_amenities" name="test_valid_schema" time="18.902" /><testcase classname="tests.test_nearby_amenities" name="test_categories_are_allowed_keys" time="0.000" /><testcase classname="tests.test_nearby_amenities" name="test_items_have_three_string_fields" time="0.000" /><testcase classname="tests.test_nearby_amenities" name="test_no_urls_phones_addresses_in_notes" time="0.000" /><testcase classname="tests.test_nearby_amenities" name="test_missing_city_and_suburb_returns_400" time="0.125" /><testcase classname="tests.test_nearby_amenities" name="test_only_city_works" time="15.238" /></testsuite></testsuites>