<?xml version="1.0" encoding="utf-8"?><testsuites name="pytest tests"><testsuite name="pytest" errors="0" failures="0" skipped="0" tests="23" time="5.531" timestamp="2026-07-11T04:49:07.584727+00:00" hostname="agent-env-a0e2867f-6e81-4b33-87e8-c1fb64962a56"><testcase classname="tests.backend_test" name="test_health" time="0.225" /><testcase classname="tests.backend_test" name="test_login_wrong_password" time="0.364" /><testcase classname="tests.backend_test" name="test_auth_me" time="0.470" /><testcase classname="tests.backend_test" name="test_auth_me_no_token" time="0.139" /><testcase classname="tests.backend_test" name="test_list_properties" time="0.157" /><testcase classname="tests.backend_test" name="test_properties_featured_filter" time="0.094" /><testcase classname="tests.backend_test" name="test_properties_listing_type_filter" time="0.109" /><testcase classname="tests.backend_test" name="test_property_detail_and_404" time="0.185" /><testcase classname="tests.backend_test" name="test_public_lead_sell_form" time="0.204" /><testcase classname="tests.backend_test" name="test_public_lead_wanted_creates_requirement" time="0.142" /><testcase classname="tests.backend_test" name="test_public_inspection" time="0.223" /><testcase classname="tests.backend_test" name="test_public_inspection_bad_property" time="0.091" /><testcase classname="tests.backend_test" name="test_public_requirements_no_pii" time="0.132" /><testcase classname="tests.backend_test" name="test_list_leads_customers_inspections" time="0.230" /><testcase classname="tests.backend_test" name="test_lead_status_persist" time="0.237" /><testcase classname="tests.backend_test" name="test_tasks_crud" time="0.225" /><testcase classname="tests.backend_test" name="test_matching" time="0.183" /><testcase classname="tests.backend_test" name="test_property_crud" time="0.274" /><testcase classname="tests.backend_test" name="test_users_list" time="0.134" /><testcase classname="tests.backend_test" name="test_users_create_admin_only" time="0.722" /><testcase classname="tests.backend_test" name="test_content_site_get_and_update" time="0.271" /><testcase classname="tests.backend_test" name="test_reports_summary" time="0.098" /><testcase classname="tests.backend_test" name="test_reports_leads_by_source" time="0.096" /></testsuite></testsuites>