<?xml version="1.0" encoding="utf-8"?><testsuites name="pytest tests"><testsuite name="pytest" errors="0" failures="1" skipped="0" tests="33" time="4.686" timestamp="2026-07-17T12:33:03.891261+00:00" hostname="agent-env-a0e2867f-6e81-4b33-87e8-c1fb64962a56"><testcase classname="tests.test_captcha" name="test_challenge_shape" time="0.280" /><testcase classname="tests.test_page_content" name="test_get_page_all_slugs[home]" time="0.287" /><testcase classname="tests.test_captcha" name="test_challenge_uniqueness" time="0.380" /><testcase classname="tests.test_page_content" name="test_get_page_all_slugs[about]" time="0.146" /><testcase classname="tests.test_page_content" name="test_get_page_all_slugs[sell]" time="0.122" /><testcase classname="tests.test_page_content" name="test_get_page_all_slugs[buy]" time="0.170" /><testcase classname="tests.test_captcha" name="test_public_lead_correct_captcha_uppercase" time="0.296" /><testcase classname="tests.test_page_content" name="test_get_page_all_slugs[rent]" time="0.141" /><testcase classname="tests.test_page_content" name="test_get_page_all_slugs[wanted]" time="0.107" /><testcase classname="tests.test_captcha" name="test_public_lead_correct_captcha_lowercase" time="0.238" /><testcase classname="tests.test_page_content" name="test_get_page_all_slugs[management]" time="0.147" /><testcase classname="tests.test_page_content" name="test_get_page_all_slugs[corporate]" time="0.148" /><testcase classname="tests.test_captcha" name="test_public_lead_wrong_captcha" time="0.212" /><testcase classname="tests.test_page_content" name="test_get_page_all_slugs[contact]" time="0.119" /><testcase classname="tests.test_page_content" name="test_get_page_all_slugs[legal_privacy]" time="0.100" /><testcase classname="tests.test_captcha" name="test_public_lead_honeypot" time="0.256" /><testcase classname="tests.test_page_content" name="test_get_page_all_slugs[legal_terms]" time="0.103" /><testcase classname="tests.test_page_content" name="test_get_page_nonexistent_returns_404" time="0.096" /><testcase classname="tests.test_captcha" name="test_public_inspection_with_captcha" time="0.342" /><testcase classname="tests.test_page_content" name="test_put_page_without_auth_returns_401" time="0.213" /><testcase classname="tests.test_page_content" name="test_post_list_without_auth_returns_401" time="0.100" /><testcase classname="tests.test_page_content" name="test_delete_list_without_auth_returns_401" time="0.115" /><testcase classname="tests.test_captcha" name="test_admin_login_regression" time="0.623" /><testcase classname="tests.test_page_content" name="test_put_about_partial_mission_preserves_defaults" time="1.110" /><testcase classname="tests.test_map_coords.TestPropertyMapCoords" name="test_create_property_with_coords" time="0.263" /><testcase classname="tests.test_map_coords.TestPropertyMapCoords" name="test_create_property_without_coords_defaults_none" time="0.006" /><testcase classname="tests.test_map_coords.TestContentSiteMapCoords" name="test_put_get_site_map_coords" time="0.008" /><testcase classname="tests.test_map_coords.TestPageContactMapCoords" name="test_put_get_contact_map_coords" time="0.008" /><testcase classname="tests.test_page_content" name="test_team_list_append_and_delete" time="0.520"><failure message="assert False&#10; +  where False = all(&lt;generator object test_team_list_append_and_delete.&lt;locals&gt;.&lt;genexpr&gt; at 0xfb9a66878ba0&gt;)">backend/tests/test_page_content.py:107: in test_team_list_append_and_delete
    assert all(m.get("name") != "TEST_Member_XYZ" for m in final)
E   assert False
E    +  where False = all(&lt;generator object test_team_list_append_and_delete.&lt;locals&gt;.&lt;genexpr&gt; at 0xfb9a66878ba0&gt;)</failure></testcase><testcase classname="tests.test_page_content" name="test_delete_out_of_range_returns_400" time="0.112" /><testcase classname="tests.test_page_content" name="test_post_list_bad_section_returns_400" time="0.097" /><testcase classname="tests.test_page_content" name="test_regression_content_site" time="0.104" /><testcase classname="tests.test_page_content" name="test_regression_content_about" time="0.101" /></testsuite></testsuites>