<?xml version="1.0" encoding="utf-8"?><testsuites name="pytest tests"><testsuite name="pytest" errors="0" failures="0" skipped="0" tests="23" time="5.502" timestamp="2026-07-11T04:26:03.627666+00:00" hostname="agent-env-a0e2867f-6e81-4b33-87e8-c1fb64962a56"><testcase classname="tests.backend_test" name="test_health" time="0.188" /><testcase classname="tests.backend_test" name="test_login_wrong_password" time="0.321" /><testcase classname="tests.backend_test" name="test_auth_me" time="0.539" /><testcase classname="tests.backend_test" name="test_auth_me_no_token" time="0.143" /><testcase classname="tests.backend_test" name="test_list_properties" time="0.102" /><testcase classname="tests.backend_test" name="test_properties_featured_filter" time="0.146" /><testcase classname="tests.backend_test" name="test_properties_listing_type_filter" time="0.102" /><testcase classname="tests.backend_test" name="test_property_detail_and_404" time="0.184" /><testcase classname="tests.backend_test" name="test_public_lead_sell_form" time="0.205" /><testcase classname="tests.backend_test" name="test_public_lead_wanted_creates_requirement" time="0.196" /><testcase classname="tests.backend_test" name="test_public_inspection" time="0.190" /><testcase classname="tests.backend_test" name="test_public_inspection_bad_property" time="0.107" /><testcase classname="tests.backend_test" name="test_public_requirements_no_pii" time="0.101" /><testcase classname="tests.backend_test" name="test_list_leads_customers_inspections" time="0.277" /><testcase classname="tests.backend_test" name="test_lead_status_persist" time="0.183" /><testcase classname="tests.backend_test" name="test_tasks_crud" time="0.284" /><testcase classname="tests.backend_test" name="test_matching" time="0.148" /><testcase classname="tests.backend_test" name="test_property_crud" time="0.314" /><testcase classname="tests.backend_test" name="test_users_list" time="0.108" /><testcase classname="tests.backend_test" name="test_users_create_admin_only" time="0.853" /><testcase classname="tests.backend_test" name="test_content_site_get_and_update" time="0.493" /><testcase classname="tests.backend_test" name="test_reports_summary" time="0.121" /><testcase classname="tests.backend_test" name="test_reports_leads_by_source" time="0.100" /></testsuite></testsuites>